TimeQuest Timing Analyzer report for Par1_2
Tue Nov 12 09:09:01 2024
Quartus II 64-Bit Version 13.0.1 Build 232 06/12/2013 Service Pack 1 SJ Web Edition


---------------------
; Table of Contents ;
---------------------
  1. Legal Notice
  2. TimeQuest Timing Analyzer Summary
  3. Parallel Compilation
  4. Clocks
  5. Slow Model Fmax Summary
  6. Slow Model Setup Summary
  7. Slow Model Hold Summary
  8. Slow Model Recovery Summary
  9. Slow Model Removal Summary
 10. Slow Model Minimum Pulse Width Summary
 11. Propagation Delay
 12. Minimum Propagation Delay
 13. Fast Model Setup Summary
 14. Fast Model Hold Summary
 15. Fast Model Recovery Summary
 16. Fast Model Removal Summary
 17. Fast Model Minimum Pulse Width Summary
 18. Propagation Delay
 19. Minimum Propagation Delay
 20. Multicorner Timing Analysis Summary
 21. Progagation Delay
 22. Minimum Progagation Delay
 23. Clock Transfers
 24. Report TCCS
 25. Report RSKM
 26. Unconstrained Paths
 27. TimeQuest Timing Analyzer Messages



----------------
; Legal Notice ;
----------------
Copyright (C) 1991-2013 Altera Corporation
Your use of Altera Corporation's design tools, logic functions 
and other software and tools, and its AMPP partner logic 
functions, and any output files from any of the foregoing 
(including device programming or simulation files), and any 
associated documentation or information are expressly subject 
to the terms and conditions of the Altera Program License 
Subscription Agreement, Altera MegaCore Function License 
Agreement, or other applicable license agreement, including, 
without limitation, that your use is for the sole purpose of 
programming logic devices manufactured by Altera and sold by 
Altera or its authorized distributors.  Please refer to the 
applicable agreement for further details.



+----------------------------------------------------------------------------------------+
; TimeQuest Timing Analyzer Summary                                                      ;
+--------------------+-------------------------------------------------------------------+
; Quartus II Version ; Version 13.0.1 Build 232 06/12/2013 Service Pack 1 SJ Web Edition ;
; Revision Name      ; Par1_2                                                            ;
; Device Family      ; Cyclone II                                                        ;
; Device Name        ; EP2C35F672C6                                                      ;
; Timing Models      ; Final                                                             ;
; Delay Model        ; Combined                                                          ;
; Rise/Fall Delays   ; Unavailable                                                       ;
+--------------------+-------------------------------------------------------------------+


Parallel compilation was disabled, but you have multiple processors available. Enable parallel compilation to reduce compilation time.
+-------------------------------------+
; Parallel Compilation                ;
+----------------------------+--------+
; Processors                 ; Number ;
+----------------------------+--------+
; Number detected on machine ; 4      ;
; Maximum allowed            ; 1      ;
+----------------------------+--------+


----------
; Clocks ;
----------
No clocks to report.


---------------------------
; Slow Model Fmax Summary ;
---------------------------
No paths to report.


----------------------------
; Slow Model Setup Summary ;
----------------------------
No paths to report.


---------------------------
; Slow Model Hold Summary ;
---------------------------
No paths to report.


-------------------------------
; Slow Model Recovery Summary ;
-------------------------------
No paths to report.


------------------------------
; Slow Model Removal Summary ;
------------------------------
No paths to report.


------------------------------------------
; Slow Model Minimum Pulse Width Summary ;
------------------------------------------
No paths to report.


+--------------------------------------------------------------+
; Propagation Delay                                            ;
+------------+-------------+--------+--------+--------+--------+
; Input Port ; Output Port ; RR     ; RF     ; FR     ; FF     ;
+------------+-------------+--------+--------+--------+--------+
; SW[0]      ; HEX0[0]     ; 9.362  ; 9.362  ; 9.362  ; 9.362  ;
; SW[0]      ; HEX0[1]     ; 9.210  ; 9.210  ; 9.210  ; 9.210  ;
; SW[0]      ; HEX0[2]     ; 9.472  ;        ;        ; 9.472  ;
; SW[0]      ; HEX0[3]     ; 9.216  ; 9.216  ; 9.216  ; 9.216  ;
; SW[0]      ; HEX0[4]     ;        ; 9.372  ; 9.372  ;        ;
; SW[0]      ; HEX0[5]     ;        ; 9.187  ; 9.187  ;        ;
; SW[0]      ; HEX0[6]     ;        ; 9.198  ; 9.198  ;        ;
; SW[0]      ; LEDR[0]     ; 8.236  ;        ;        ; 8.236  ;
; SW[1]      ; HEX0[0]     ; 9.081  ; 9.081  ; 9.081  ; 9.081  ;
; SW[1]      ; HEX0[1]     ; 8.930  ; 8.930  ; 8.930  ; 8.930  ;
; SW[1]      ; HEX0[2]     ;        ; 9.200  ; 9.200  ;        ;
; SW[1]      ; HEX0[3]     ; 8.942  ; 8.942  ; 8.942  ; 8.942  ;
; SW[1]      ; HEX0[4]     ; 9.099  ; 9.099  ; 9.099  ; 9.099  ;
; SW[1]      ; HEX0[5]     ;        ; 8.914  ; 8.914  ;        ;
; SW[1]      ; HEX0[6]     ; 8.917  ; 8.917  ; 8.917  ; 8.917  ;
; SW[1]      ; LEDR[1]     ; 8.165  ;        ;        ; 8.165  ;
; SW[2]      ; HEX0[0]     ; 9.354  ; 9.354  ; 9.354  ; 9.354  ;
; SW[2]      ; HEX0[1]     ;        ; 9.206  ; 9.206  ;        ;
; SW[2]      ; HEX0[2]     ; 9.480  ; 9.480  ; 9.480  ; 9.480  ;
; SW[2]      ; HEX0[3]     ; 9.221  ; 9.221  ; 9.221  ; 9.221  ;
; SW[2]      ; HEX0[4]     ;        ; 9.382  ; 9.382  ;        ;
; SW[2]      ; HEX0[5]     ; 9.196  ; 9.196  ; 9.196  ; 9.196  ;
; SW[2]      ; HEX0[6]     ; 9.195  ; 9.195  ; 9.195  ; 9.195  ;
; SW[2]      ; LEDR[2]     ; 8.164  ;        ;        ; 8.164  ;
; SW[3]      ; HEX0[0]     ; 9.110  ; 9.110  ; 9.110  ; 9.110  ;
; SW[3]      ; HEX0[1]     ;        ; 8.961  ; 8.961  ;        ;
; SW[3]      ; HEX0[2]     ;        ; 9.234  ; 9.234  ;        ;
; SW[3]      ; HEX0[3]     ; 8.976  ; 8.976  ; 8.976  ; 8.976  ;
; SW[3]      ; HEX0[4]     ;        ; 9.135  ; 9.135  ;        ;
; SW[3]      ; HEX0[5]     ; 8.951  ; 8.951  ; 8.951  ; 8.951  ;
; SW[3]      ; HEX0[6]     ; 8.953  ; 8.953  ; 8.953  ; 8.953  ;
; SW[3]      ; LEDR[3]     ; 7.970  ;        ;        ; 7.970  ;
; SW[4]      ; HEX1[0]     ; 9.669  ; 9.669  ; 9.669  ; 9.669  ;
; SW[4]      ; HEX1[1]     ; 9.655  ; 9.655  ; 9.655  ; 9.655  ;
; SW[4]      ; HEX1[2]     ; 9.692  ;        ;        ; 9.692  ;
; SW[4]      ; HEX1[3]     ; 9.691  ; 9.691  ; 9.691  ; 9.691  ;
; SW[4]      ; HEX1[4]     ;        ; 9.656  ; 9.656  ;        ;
; SW[4]      ; HEX1[5]     ;        ; 9.679  ; 9.679  ;        ;
; SW[4]      ; HEX1[6]     ;        ; 9.888  ; 9.888  ;        ;
; SW[4]      ; LEDR[4]     ; 8.827  ;        ;        ; 8.827  ;
; SW[5]      ; HEX1[0]     ; 9.755  ; 9.755  ; 9.755  ; 9.755  ;
; SW[5]      ; HEX1[1]     ; 9.747  ; 9.747  ; 9.747  ; 9.747  ;
; SW[5]      ; HEX1[2]     ;        ; 9.788  ; 9.788  ;        ;
; SW[5]      ; HEX1[3]     ; 9.786  ; 9.786  ; 9.786  ; 9.786  ;
; SW[5]      ; HEX1[4]     ; 9.751  ; 9.751  ; 9.751  ; 9.751  ;
; SW[5]      ; HEX1[5]     ;        ; 9.774  ; 9.774  ;        ;
; SW[5]      ; HEX1[6]     ; 9.983  ; 9.983  ; 9.983  ; 9.983  ;
; SW[5]      ; LEDR[5]     ; 8.762  ;        ;        ; 8.762  ;
; SW[6]      ; HEX1[0]     ; 9.470  ; 9.470  ; 9.470  ; 9.470  ;
; SW[6]      ; HEX1[1]     ;        ; 9.453  ; 9.453  ;        ;
; SW[6]      ; HEX1[2]     ; 9.494  ; 9.494  ; 9.494  ; 9.494  ;
; SW[6]      ; HEX1[3]     ; 9.492  ; 9.492  ; 9.492  ; 9.492  ;
; SW[6]      ; HEX1[4]     ;        ; 9.457  ; 9.457  ;        ;
; SW[6]      ; HEX1[5]     ; 9.480  ; 9.480  ; 9.480  ; 9.480  ;
; SW[6]      ; HEX1[6]     ; 9.689  ; 9.689  ; 9.689  ; 9.689  ;
; SW[6]      ; LEDR[6]     ; 8.783  ;        ;        ; 8.783  ;
; SW[7]      ; HEX1[0]     ; 9.301  ; 9.301  ; 9.301  ; 9.301  ;
; SW[7]      ; HEX1[1]     ;        ; 9.284  ; 9.284  ;        ;
; SW[7]      ; HEX1[2]     ;        ; 9.317  ; 9.317  ;        ;
; SW[7]      ; HEX1[3]     ; 9.315  ; 9.315  ; 9.315  ; 9.315  ;
; SW[7]      ; HEX1[4]     ;        ; 9.280  ; 9.280  ;        ;
; SW[7]      ; HEX1[5]     ; 9.303  ; 9.303  ; 9.303  ; 9.303  ;
; SW[7]      ; HEX1[6]     ; 9.515  ; 9.515  ; 9.515  ; 9.515  ;
; SW[7]      ; LEDR[7]     ; 8.843  ;        ;        ; 8.843  ;
; SW[8]      ; HEX2[0]     ; 9.949  ; 9.949  ; 9.949  ; 9.949  ;
; SW[8]      ; HEX2[1]     ; 9.704  ; 9.704  ; 9.704  ; 9.704  ;
; SW[8]      ; HEX2[2]     ; 9.742  ;        ;        ; 9.742  ;
; SW[8]      ; HEX2[3]     ; 9.745  ; 9.745  ; 9.745  ; 9.745  ;
; SW[8]      ; HEX2[4]     ;        ; 9.732  ; 9.732  ;        ;
; SW[8]      ; HEX2[5]     ;        ; 9.722  ; 9.722  ;        ;
; SW[8]      ; HEX2[6]     ;        ; 9.959  ; 9.959  ;        ;
; SW[8]      ; LEDR[8]     ; 8.830  ;        ;        ; 8.830  ;
; SW[9]      ; HEX2[0]     ; 9.701  ; 9.701  ; 9.701  ; 9.701  ;
; SW[9]      ; HEX2[1]     ; 9.452  ; 9.452  ; 9.452  ; 9.452  ;
; SW[9]      ; HEX2[2]     ;        ; 9.498  ; 9.498  ;        ;
; SW[9]      ; HEX2[3]     ; 9.505  ; 9.505  ; 9.505  ; 9.505  ;
; SW[9]      ; HEX2[4]     ; 9.479  ; 9.479  ; 9.479  ; 9.479  ;
; SW[9]      ; HEX2[5]     ;        ; 9.483  ; 9.483  ;        ;
; SW[9]      ; HEX2[6]     ; 9.719  ; 9.719  ; 9.719  ; 9.719  ;
; SW[9]      ; LEDR[9]     ; 8.811  ;        ;        ; 8.811  ;
; SW[10]     ; HEX2[0]     ; 9.716  ; 9.716  ; 9.716  ; 9.716  ;
; SW[10]     ; HEX2[1]     ;        ; 9.473  ; 9.473  ;        ;
; SW[10]     ; HEX2[2]     ; 9.510  ; 9.510  ; 9.510  ; 9.510  ;
; SW[10]     ; HEX2[3]     ; 9.506  ; 9.506  ; 9.506  ; 9.506  ;
; SW[10]     ; HEX2[4]     ;        ; 9.501  ; 9.501  ;        ;
; SW[10]     ; HEX2[5]     ; 9.486  ; 9.486  ; 9.486  ; 9.486  ;
; SW[10]     ; HEX2[6]     ; 9.724  ; 9.724  ; 9.724  ; 9.724  ;
; SW[10]     ; LEDR[10]    ; 8.861  ;        ;        ; 8.861  ;
; SW[11]     ; HEX2[0]     ; 10.816 ; 10.816 ; 10.816 ; 10.816 ;
; SW[11]     ; HEX2[1]     ;        ; 10.570 ; 10.570 ;        ;
; SW[11]     ; HEX2[2]     ;        ; 10.612 ; 10.612 ;        ;
; SW[11]     ; HEX2[3]     ; 10.617 ; 10.617 ; 10.617 ; 10.617 ;
; SW[11]     ; HEX2[4]     ;        ; 10.597 ; 10.597 ;        ;
; SW[11]     ; HEX2[5]     ; 10.595 ; 10.595 ; 10.595 ; 10.595 ;
; SW[11]     ; HEX2[6]     ; 10.836 ; 10.836 ; 10.836 ; 10.836 ;
; SW[11]     ; LEDR[11]    ; 8.681  ;        ;        ; 8.681  ;
; SW[12]     ; HEX3[0]     ; 10.538 ; 10.538 ; 10.538 ; 10.538 ;
; SW[12]     ; HEX3[1]     ; 10.552 ; 10.552 ; 10.552 ; 10.552 ;
; SW[12]     ; HEX3[2]     ; 10.551 ;        ;        ; 10.551 ;
; SW[12]     ; HEX3[3]     ; 10.540 ; 10.540 ; 10.540 ; 10.540 ;
; SW[12]     ; HEX3[4]     ;        ; 10.539 ; 10.539 ;        ;
; SW[12]     ; HEX3[5]     ;        ; 10.901 ; 10.901 ;        ;
; SW[12]     ; HEX3[6]     ;        ; 10.529 ; 10.529 ;        ;
; SW[12]     ; LEDR[12]    ; 8.959  ;        ;        ; 8.959  ;
; SW[13]     ; HEX3[0]     ; 9.419  ; 9.419  ; 9.419  ; 9.419  ;
; SW[13]     ; HEX3[1]     ; 9.432  ; 9.432  ; 9.432  ; 9.432  ;
; SW[13]     ; HEX3[2]     ;        ; 9.427  ; 9.427  ;        ;
; SW[13]     ; HEX3[3]     ; 9.416  ; 9.416  ; 9.416  ; 9.416  ;
; SW[13]     ; HEX3[4]     ; 9.413  ; 9.413  ; 9.413  ; 9.413  ;
; SW[13]     ; HEX3[5]     ;        ; 9.779  ; 9.779  ;        ;
; SW[13]     ; HEX3[6]     ; 9.408  ; 9.408  ; 9.408  ; 9.408  ;
; SW[13]     ; LEDR[13]    ; 8.783  ;        ;        ; 8.783  ;
; SW[14]     ; HEX3[0]     ; 9.838  ; 9.838  ; 9.838  ; 9.838  ;
; SW[14]     ; HEX3[1]     ;        ; 9.851  ; 9.851  ;        ;
; SW[14]     ; HEX3[2]     ; 9.855  ; 9.855  ; 9.855  ; 9.855  ;
; SW[14]     ; HEX3[3]     ; 9.844  ; 9.844  ; 9.844  ; 9.844  ;
; SW[14]     ; HEX3[4]     ;        ; 9.843  ; 9.843  ;        ;
; SW[14]     ; HEX3[5]     ; 10.205 ; 10.205 ; 10.205 ; 10.205 ;
; SW[14]     ; HEX3[6]     ; 9.831  ; 9.831  ; 9.831  ; 9.831  ;
; SW[14]     ; LEDR[14]    ; 9.115  ;        ;        ; 9.115  ;
; SW[15]     ; HEX3[0]     ; 9.326  ; 9.326  ; 9.326  ; 9.326  ;
; SW[15]     ; HEX3[1]     ;        ; 9.338  ; 9.338  ;        ;
; SW[15]     ; HEX3[2]     ;        ; 9.337  ; 9.337  ;        ;
; SW[15]     ; HEX3[3]     ; 9.325  ; 9.325  ; 9.325  ; 9.325  ;
; SW[15]     ; HEX3[4]     ;        ; 9.325  ; 9.325  ;        ;
; SW[15]     ; HEX3[5]     ; 9.687  ; 9.687  ; 9.687  ; 9.687  ;
; SW[15]     ; HEX3[6]     ; 9.319  ; 9.319  ; 9.319  ; 9.319  ;
; SW[15]     ; LEDR[15]    ; 8.841  ;        ;        ; 8.841  ;
; SW[16]     ; LEDR[16]    ; 8.140  ;        ;        ; 8.140  ;
; SW[17]     ; LEDR[17]    ; 8.150  ;        ;        ; 8.150  ;
+------------+-------------+--------+--------+--------+--------+


+--------------------------------------------------------------+
; Minimum Propagation Delay                                    ;
+------------+-------------+--------+--------+--------+--------+
; Input Port ; Output Port ; RR     ; RF     ; FR     ; FF     ;
+------------+-------------+--------+--------+--------+--------+
; SW[0]      ; HEX0[0]     ; 9.362  ; 9.362  ; 9.362  ; 9.362  ;
; SW[0]      ; HEX0[1]     ; 9.210  ; 9.210  ; 9.210  ; 9.210  ;
; SW[0]      ; HEX0[2]     ; 9.472  ;        ;        ; 9.472  ;
; SW[0]      ; HEX0[3]     ; 9.216  ; 9.216  ; 9.216  ; 9.216  ;
; SW[0]      ; HEX0[4]     ;        ; 9.372  ; 9.372  ;        ;
; SW[0]      ; HEX0[5]     ;        ; 9.187  ; 9.187  ;        ;
; SW[0]      ; HEX0[6]     ;        ; 9.198  ; 9.198  ;        ;
; SW[0]      ; LEDR[0]     ; 8.236  ;        ;        ; 8.236  ;
; SW[1]      ; HEX0[0]     ; 9.081  ; 9.081  ; 9.081  ; 9.081  ;
; SW[1]      ; HEX0[1]     ; 8.930  ; 8.930  ; 8.930  ; 8.930  ;
; SW[1]      ; HEX0[2]     ;        ; 9.200  ; 9.200  ;        ;
; SW[1]      ; HEX0[3]     ; 8.942  ; 8.942  ; 8.942  ; 8.942  ;
; SW[1]      ; HEX0[4]     ; 9.099  ; 9.099  ; 9.099  ; 9.099  ;
; SW[1]      ; HEX0[5]     ;        ; 8.914  ; 8.914  ;        ;
; SW[1]      ; HEX0[6]     ; 8.917  ; 8.917  ; 8.917  ; 8.917  ;
; SW[1]      ; LEDR[1]     ; 8.165  ;        ;        ; 8.165  ;
; SW[2]      ; HEX0[0]     ; 9.354  ; 9.354  ; 9.354  ; 9.354  ;
; SW[2]      ; HEX0[1]     ;        ; 9.206  ; 9.206  ;        ;
; SW[2]      ; HEX0[2]     ; 9.480  ; 9.480  ; 9.480  ; 9.480  ;
; SW[2]      ; HEX0[3]     ; 9.221  ; 9.221  ; 9.221  ; 9.221  ;
; SW[2]      ; HEX0[4]     ;        ; 9.382  ; 9.382  ;        ;
; SW[2]      ; HEX0[5]     ; 9.196  ; 9.196  ; 9.196  ; 9.196  ;
; SW[2]      ; HEX0[6]     ; 9.195  ; 9.195  ; 9.195  ; 9.195  ;
; SW[2]      ; LEDR[2]     ; 8.164  ;        ;        ; 8.164  ;
; SW[3]      ; HEX0[0]     ; 9.110  ; 9.110  ; 9.110  ; 9.110  ;
; SW[3]      ; HEX0[1]     ;        ; 8.961  ; 8.961  ;        ;
; SW[3]      ; HEX0[2]     ;        ; 9.234  ; 9.234  ;        ;
; SW[3]      ; HEX0[3]     ; 8.976  ; 8.976  ; 8.976  ; 8.976  ;
; SW[3]      ; HEX0[4]     ;        ; 9.135  ; 9.135  ;        ;
; SW[3]      ; HEX0[5]     ; 8.951  ; 8.951  ; 8.951  ; 8.951  ;
; SW[3]      ; HEX0[6]     ; 8.953  ; 8.953  ; 8.953  ; 8.953  ;
; SW[3]      ; LEDR[3]     ; 7.970  ;        ;        ; 7.970  ;
; SW[4]      ; HEX1[0]     ; 9.669  ; 9.669  ; 9.669  ; 9.669  ;
; SW[4]      ; HEX1[1]     ; 9.655  ; 9.655  ; 9.655  ; 9.655  ;
; SW[4]      ; HEX1[2]     ; 9.692  ;        ;        ; 9.692  ;
; SW[4]      ; HEX1[3]     ; 9.691  ; 9.691  ; 9.691  ; 9.691  ;
; SW[4]      ; HEX1[4]     ;        ; 9.656  ; 9.656  ;        ;
; SW[4]      ; HEX1[5]     ;        ; 9.679  ; 9.679  ;        ;
; SW[4]      ; HEX1[6]     ;        ; 9.888  ; 9.888  ;        ;
; SW[4]      ; LEDR[4]     ; 8.827  ;        ;        ; 8.827  ;
; SW[5]      ; HEX1[0]     ; 9.755  ; 9.755  ; 9.755  ; 9.755  ;
; SW[5]      ; HEX1[1]     ; 9.747  ; 9.747  ; 9.747  ; 9.747  ;
; SW[5]      ; HEX1[2]     ;        ; 9.788  ; 9.788  ;        ;
; SW[5]      ; HEX1[3]     ; 9.786  ; 9.786  ; 9.786  ; 9.786  ;
; SW[5]      ; HEX1[4]     ; 9.751  ; 9.751  ; 9.751  ; 9.751  ;
; SW[5]      ; HEX1[5]     ;        ; 9.774  ; 9.774  ;        ;
; SW[5]      ; HEX1[6]     ; 9.983  ; 9.983  ; 9.983  ; 9.983  ;
; SW[5]      ; LEDR[5]     ; 8.762  ;        ;        ; 8.762  ;
; SW[6]      ; HEX1[0]     ; 9.470  ; 9.470  ; 9.470  ; 9.470  ;
; SW[6]      ; HEX1[1]     ;        ; 9.453  ; 9.453  ;        ;
; SW[6]      ; HEX1[2]     ; 9.494  ; 9.494  ; 9.494  ; 9.494  ;
; SW[6]      ; HEX1[3]     ; 9.492  ; 9.492  ; 9.492  ; 9.492  ;
; SW[6]      ; HEX1[4]     ;        ; 9.457  ; 9.457  ;        ;
; SW[6]      ; HEX1[5]     ; 9.480  ; 9.480  ; 9.480  ; 9.480  ;
; SW[6]      ; HEX1[6]     ; 9.689  ; 9.689  ; 9.689  ; 9.689  ;
; SW[6]      ; LEDR[6]     ; 8.783  ;        ;        ; 8.783  ;
; SW[7]      ; HEX1[0]     ; 9.301  ; 9.301  ; 9.301  ; 9.301  ;
; SW[7]      ; HEX1[1]     ;        ; 9.284  ; 9.284  ;        ;
; SW[7]      ; HEX1[2]     ;        ; 9.317  ; 9.317  ;        ;
; SW[7]      ; HEX1[3]     ; 9.315  ; 9.315  ; 9.315  ; 9.315  ;
; SW[7]      ; HEX1[4]     ;        ; 9.280  ; 9.280  ;        ;
; SW[7]      ; HEX1[5]     ; 9.303  ; 9.303  ; 9.303  ; 9.303  ;
; SW[7]      ; HEX1[6]     ; 9.515  ; 9.515  ; 9.515  ; 9.515  ;
; SW[7]      ; LEDR[7]     ; 8.843  ;        ;        ; 8.843  ;
; SW[8]      ; HEX2[0]     ; 9.949  ; 9.949  ; 9.949  ; 9.949  ;
; SW[8]      ; HEX2[1]     ; 9.704  ; 9.704  ; 9.704  ; 9.704  ;
; SW[8]      ; HEX2[2]     ; 9.742  ;        ;        ; 9.742  ;
; SW[8]      ; HEX2[3]     ; 9.745  ; 9.745  ; 9.745  ; 9.745  ;
; SW[8]      ; HEX2[4]     ;        ; 9.732  ; 9.732  ;        ;
; SW[8]      ; HEX2[5]     ;        ; 9.722  ; 9.722  ;        ;
; SW[8]      ; HEX2[6]     ;        ; 9.959  ; 9.959  ;        ;
; SW[8]      ; LEDR[8]     ; 8.830  ;        ;        ; 8.830  ;
; SW[9]      ; HEX2[0]     ; 9.701  ; 9.701  ; 9.701  ; 9.701  ;
; SW[9]      ; HEX2[1]     ; 9.452  ; 9.452  ; 9.452  ; 9.452  ;
; SW[9]      ; HEX2[2]     ;        ; 9.498  ; 9.498  ;        ;
; SW[9]      ; HEX2[3]     ; 9.505  ; 9.505  ; 9.505  ; 9.505  ;
; SW[9]      ; HEX2[4]     ; 9.479  ; 9.479  ; 9.479  ; 9.479  ;
; SW[9]      ; HEX2[5]     ;        ; 9.483  ; 9.483  ;        ;
; SW[9]      ; HEX2[6]     ; 9.719  ; 9.719  ; 9.719  ; 9.719  ;
; SW[9]      ; LEDR[9]     ; 8.811  ;        ;        ; 8.811  ;
; SW[10]     ; HEX2[0]     ; 9.716  ; 9.716  ; 9.716  ; 9.716  ;
; SW[10]     ; HEX2[1]     ;        ; 9.473  ; 9.473  ;        ;
; SW[10]     ; HEX2[2]     ; 9.510  ; 9.510  ; 9.510  ; 9.510  ;
; SW[10]     ; HEX2[3]     ; 9.506  ; 9.506  ; 9.506  ; 9.506  ;
; SW[10]     ; HEX2[4]     ;        ; 9.501  ; 9.501  ;        ;
; SW[10]     ; HEX2[5]     ; 9.486  ; 9.486  ; 9.486  ; 9.486  ;
; SW[10]     ; HEX2[6]     ; 9.724  ; 9.724  ; 9.724  ; 9.724  ;
; SW[10]     ; LEDR[10]    ; 8.861  ;        ;        ; 8.861  ;
; SW[11]     ; HEX2[0]     ; 10.816 ; 10.816 ; 10.816 ; 10.816 ;
; SW[11]     ; HEX2[1]     ;        ; 10.570 ; 10.570 ;        ;
; SW[11]     ; HEX2[2]     ;        ; 10.612 ; 10.612 ;        ;
; SW[11]     ; HEX2[3]     ; 10.617 ; 10.617 ; 10.617 ; 10.617 ;
; SW[11]     ; HEX2[4]     ;        ; 10.597 ; 10.597 ;        ;
; SW[11]     ; HEX2[5]     ; 10.595 ; 10.595 ; 10.595 ; 10.595 ;
; SW[11]     ; HEX2[6]     ; 10.836 ; 10.836 ; 10.836 ; 10.836 ;
; SW[11]     ; LEDR[11]    ; 8.681  ;        ;        ; 8.681  ;
; SW[12]     ; HEX3[0]     ; 10.538 ; 10.538 ; 10.538 ; 10.538 ;
; SW[12]     ; HEX3[1]     ; 10.552 ; 10.552 ; 10.552 ; 10.552 ;
; SW[12]     ; HEX3[2]     ; 10.551 ;        ;        ; 10.551 ;
; SW[12]     ; HEX3[3]     ; 10.540 ; 10.540 ; 10.540 ; 10.540 ;
; SW[12]     ; HEX3[4]     ;        ; 10.539 ; 10.539 ;        ;
; SW[12]     ; HEX3[5]     ;        ; 10.901 ; 10.901 ;        ;
; SW[12]     ; HEX3[6]     ;        ; 10.529 ; 10.529 ;        ;
; SW[12]     ; LEDR[12]    ; 8.959  ;        ;        ; 8.959  ;
; SW[13]     ; HEX3[0]     ; 9.419  ; 9.419  ; 9.419  ; 9.419  ;
; SW[13]     ; HEX3[1]     ; 9.432  ; 9.432  ; 9.432  ; 9.432  ;
; SW[13]     ; HEX3[2]     ;        ; 9.427  ; 9.427  ;        ;
; SW[13]     ; HEX3[3]     ; 9.416  ; 9.416  ; 9.416  ; 9.416  ;
; SW[13]     ; HEX3[4]     ; 9.413  ; 9.413  ; 9.413  ; 9.413  ;
; SW[13]     ; HEX3[5]     ;        ; 9.779  ; 9.779  ;        ;
; SW[13]     ; HEX3[6]     ; 9.408  ; 9.408  ; 9.408  ; 9.408  ;
; SW[13]     ; LEDR[13]    ; 8.783  ;        ;        ; 8.783  ;
; SW[14]     ; HEX3[0]     ; 9.838  ; 9.838  ; 9.838  ; 9.838  ;
; SW[14]     ; HEX3[1]     ;        ; 9.851  ; 9.851  ;        ;
; SW[14]     ; HEX3[2]     ; 9.855  ; 9.855  ; 9.855  ; 9.855  ;
; SW[14]     ; HEX3[3]     ; 9.844  ; 9.844  ; 9.844  ; 9.844  ;
; SW[14]     ; HEX3[4]     ;        ; 9.843  ; 9.843  ;        ;
; SW[14]     ; HEX3[5]     ; 10.205 ; 10.205 ; 10.205 ; 10.205 ;
; SW[14]     ; HEX3[6]     ; 9.831  ; 9.831  ; 9.831  ; 9.831  ;
; SW[14]     ; LEDR[14]    ; 9.115  ;        ;        ; 9.115  ;
; SW[15]     ; HEX3[0]     ; 9.326  ; 9.326  ; 9.326  ; 9.326  ;
; SW[15]     ; HEX3[1]     ;        ; 9.338  ; 9.338  ;        ;
; SW[15]     ; HEX3[2]     ;        ; 9.337  ; 9.337  ;        ;
; SW[15]     ; HEX3[3]     ; 9.325  ; 9.325  ; 9.325  ; 9.325  ;
; SW[15]     ; HEX3[4]     ;        ; 9.325  ; 9.325  ;        ;
; SW[15]     ; HEX3[5]     ; 9.687  ; 9.687  ; 9.687  ; 9.687  ;
; SW[15]     ; HEX3[6]     ; 9.319  ; 9.319  ; 9.319  ; 9.319  ;
; SW[15]     ; LEDR[15]    ; 8.841  ;        ;        ; 8.841  ;
; SW[16]     ; LEDR[16]    ; 8.140  ;        ;        ; 8.140  ;
; SW[17]     ; LEDR[17]    ; 8.150  ;        ;        ; 8.150  ;
+------------+-------------+--------+--------+--------+--------+


----------------------------
; Fast Model Setup Summary ;
----------------------------
No paths to report.


---------------------------
; Fast Model Hold Summary ;
---------------------------
No paths to report.


-------------------------------
; Fast Model Recovery Summary ;
-------------------------------
No paths to report.


------------------------------
; Fast Model Removal Summary ;
------------------------------
No paths to report.


------------------------------------------
; Fast Model Minimum Pulse Width Summary ;
------------------------------------------
No paths to report.


+----------------------------------------------------------+
; Propagation Delay                                        ;
+------------+-------------+-------+-------+-------+-------+
; Input Port ; Output Port ; RR    ; RF    ; FR    ; FF    ;
+------------+-------------+-------+-------+-------+-------+
; SW[0]      ; HEX0[0]     ; 5.202 ; 5.202 ; 5.202 ; 5.202 ;
; SW[0]      ; HEX0[1]     ; 5.145 ; 5.145 ; 5.145 ; 5.145 ;
; SW[0]      ; HEX0[2]     ; 5.255 ;       ;       ; 5.255 ;
; SW[0]      ; HEX0[3]     ; 5.145 ; 5.145 ; 5.145 ; 5.145 ;
; SW[0]      ; HEX0[4]     ;       ; 5.214 ; 5.214 ;       ;
; SW[0]      ; HEX0[5]     ;       ; 5.121 ; 5.121 ;       ;
; SW[0]      ; HEX0[6]     ;       ; 5.134 ; 5.134 ;       ;
; SW[0]      ; LEDR[0]     ; 4.724 ;       ;       ; 4.724 ;
; SW[1]      ; HEX0[0]     ; 5.101 ; 5.101 ; 5.101 ; 5.101 ;
; SW[1]      ; HEX0[1]     ; 5.045 ; 5.045 ; 5.045 ; 5.045 ;
; SW[1]      ; HEX0[2]     ;       ; 5.160 ; 5.160 ;       ;
; SW[1]      ; HEX0[3]     ; 5.050 ; 5.050 ; 5.050 ; 5.050 ;
; SW[1]      ; HEX0[4]     ; 5.122 ; 5.122 ; 5.122 ; 5.122 ;
; SW[1]      ; HEX0[5]     ;       ; 5.029 ; 5.029 ;       ;
; SW[1]      ; HEX0[6]     ; 5.034 ; 5.034 ; 5.034 ; 5.034 ;
; SW[1]      ; LEDR[1]     ; 4.703 ;       ;       ; 4.703 ;
; SW[2]      ; HEX0[0]     ; 5.214 ; 5.214 ; 5.214 ; 5.214 ;
; SW[2]      ; HEX0[1]     ;       ; 5.159 ; 5.159 ;       ;
; SW[2]      ; HEX0[2]     ; 5.279 ; 5.279 ; 5.279 ; 5.279 ;
; SW[2]      ; HEX0[3]     ; 5.168 ; 5.168 ; 5.168 ; 5.168 ;
; SW[2]      ; HEX0[4]     ;       ; 5.241 ; 5.241 ;       ;
; SW[2]      ; HEX0[5]     ; 5.147 ; 5.147 ; 5.147 ; 5.147 ;
; SW[2]      ; HEX0[6]     ; 5.149 ; 5.149 ; 5.149 ; 5.149 ;
; SW[2]      ; LEDR[2]     ; 4.701 ;       ;       ; 4.701 ;
; SW[3]      ; HEX0[0]     ; 5.099 ; 5.099 ; 5.099 ; 5.099 ;
; SW[3]      ; HEX0[1]     ;       ; 5.041 ; 5.041 ;       ;
; SW[3]      ; HEX0[2]     ;       ; 5.162 ; 5.162 ;       ;
; SW[3]      ; HEX0[3]     ; 5.051 ; 5.051 ; 5.051 ; 5.051 ;
; SW[3]      ; HEX0[4]     ;       ; 5.124 ; 5.124 ;       ;
; SW[3]      ; HEX0[5]     ; 5.030 ; 5.030 ; 5.030 ; 5.030 ;
; SW[3]      ; HEX0[6]     ; 5.031 ; 5.031 ; 5.031 ; 5.031 ;
; SW[3]      ; LEDR[3]     ; 4.616 ;       ;       ; 4.616 ;
; SW[4]      ; HEX1[0]     ; 5.369 ; 5.369 ; 5.369 ; 5.369 ;
; SW[4]      ; HEX1[1]     ; 5.353 ; 5.353 ; 5.353 ; 5.353 ;
; SW[4]      ; HEX1[2]     ; 5.388 ;       ;       ; 5.388 ;
; SW[4]      ; HEX1[3]     ; 5.388 ; 5.388 ; 5.388 ; 5.388 ;
; SW[4]      ; HEX1[4]     ;       ; 5.349 ; 5.349 ;       ;
; SW[4]      ; HEX1[5]     ;       ; 5.376 ; 5.376 ;       ;
; SW[4]      ; HEX1[6]     ;       ; 5.463 ; 5.463 ;       ;
; SW[4]      ; LEDR[4]     ; 5.010 ;       ;       ; 5.010 ;
; SW[5]      ; HEX1[0]     ; 5.408 ; 5.408 ; 5.408 ; 5.408 ;
; SW[5]      ; HEX1[1]     ; 5.396 ; 5.396 ; 5.396 ; 5.396 ;
; SW[5]      ; HEX1[2]     ;       ; 5.436 ; 5.436 ;       ;
; SW[5]      ; HEX1[3]     ; 5.435 ; 5.435 ; 5.435 ; 5.435 ;
; SW[5]      ; HEX1[4]     ; 5.398 ; 5.398 ; 5.398 ; 5.398 ;
; SW[5]      ; HEX1[5]     ;       ; 5.424 ; 5.424 ;       ;
; SW[5]      ; HEX1[6]     ; 5.511 ; 5.511 ; 5.511 ; 5.511 ;
; SW[5]      ; LEDR[5]     ; 4.969 ;       ;       ; 4.969 ;
; SW[6]      ; HEX1[0]     ; 5.296 ; 5.296 ; 5.296 ; 5.296 ;
; SW[6]      ; HEX1[1]     ;       ; 5.277 ; 5.277 ;       ;
; SW[6]      ; HEX1[2]     ; 5.317 ; 5.317 ; 5.317 ; 5.317 ;
; SW[6]      ; HEX1[3]     ; 5.316 ; 5.316 ; 5.316 ; 5.316 ;
; SW[6]      ; HEX1[4]     ;       ; 5.279 ; 5.279 ;       ;
; SW[6]      ; HEX1[5]     ; 5.305 ; 5.305 ; 5.305 ; 5.305 ;
; SW[6]      ; HEX1[6]     ; 5.391 ; 5.391 ; 5.391 ; 5.391 ;
; SW[6]      ; LEDR[6]     ; 4.983 ;       ;       ; 4.983 ;
; SW[7]      ; HEX1[0]     ; 5.220 ; 5.220 ; 5.220 ; 5.220 ;
; SW[7]      ; HEX1[1]     ;       ; 5.201 ; 5.201 ;       ;
; SW[7]      ; HEX1[2]     ;       ; 5.236 ; 5.236 ;       ;
; SW[7]      ; HEX1[3]     ; 5.232 ; 5.232 ; 5.232 ; 5.232 ;
; SW[7]      ; HEX1[4]     ;       ; 5.195 ; 5.195 ;       ;
; SW[7]      ; HEX1[5]     ; 5.221 ; 5.221 ; 5.221 ; 5.221 ;
; SW[7]      ; HEX1[6]     ; 5.308 ; 5.308 ; 5.308 ; 5.308 ;
; SW[7]      ; LEDR[7]     ; 5.032 ;       ;       ; 5.032 ;
; SW[8]      ; HEX2[0]     ; 5.511 ; 5.511 ; 5.511 ; 5.511 ;
; SW[8]      ; HEX2[1]     ; 5.388 ; 5.388 ; 5.388 ; 5.388 ;
; SW[8]      ; HEX2[2]     ; 5.426 ;       ;       ; 5.426 ;
; SW[8]      ; HEX2[3]     ; 5.428 ; 5.428 ; 5.428 ; 5.428 ;
; SW[8]      ; HEX2[4]     ;       ; 5.416 ; 5.416 ;       ;
; SW[8]      ; HEX2[5]     ;       ; 5.406 ; 5.406 ;       ;
; SW[8]      ; HEX2[6]     ;       ; 5.522 ; 5.522 ;       ;
; SW[8]      ; LEDR[8]     ; 5.024 ;       ;       ; 5.024 ;
; SW[9]      ; HEX2[0]     ; 5.388 ; 5.388 ; 5.388 ; 5.388 ;
; SW[9]      ; HEX2[1]     ; 5.261 ; 5.261 ; 5.261 ; 5.261 ;
; SW[9]      ; HEX2[2]     ;       ; 5.306 ; 5.306 ;       ;
; SW[9]      ; HEX2[3]     ; 5.311 ; 5.311 ; 5.311 ; 5.311 ;
; SW[9]      ; HEX2[4]     ; 5.288 ; 5.288 ; 5.288 ; 5.288 ;
; SW[9]      ; HEX2[5]     ;       ; 5.289 ; 5.289 ;       ;
; SW[9]      ; HEX2[6]     ; 5.404 ; 5.404 ; 5.404 ; 5.404 ;
; SW[9]      ; LEDR[9]     ; 5.005 ;       ;       ; 5.005 ;
; SW[10]     ; HEX2[0]     ; 5.433 ; 5.433 ; 5.433 ; 5.433 ;
; SW[10]     ; HEX2[1]     ;       ; 5.310 ; 5.310 ;       ;
; SW[10]     ; HEX2[2]     ; 5.349 ; 5.349 ; 5.349 ; 5.349 ;
; SW[10]     ; HEX2[3]     ; 5.345 ; 5.345 ; 5.345 ; 5.345 ;
; SW[10]     ; HEX2[4]     ;       ; 5.339 ; 5.339 ;       ;
; SW[10]     ; HEX2[5]     ; 5.326 ; 5.326 ; 5.326 ; 5.326 ;
; SW[10]     ; HEX2[6]     ; 5.442 ; 5.442 ; 5.442 ; 5.442 ;
; SW[10]     ; LEDR[10]    ; 5.050 ;       ;       ; 5.050 ;
; SW[11]     ; HEX2[0]     ; 6.024 ; 6.024 ; 6.024 ; 6.024 ;
; SW[11]     ; HEX2[1]     ;       ; 5.898 ; 5.898 ;       ;
; SW[11]     ; HEX2[2]     ;       ; 5.944 ; 5.944 ;       ;
; SW[11]     ; HEX2[3]     ; 5.946 ; 5.946 ; 5.946 ; 5.946 ;
; SW[11]     ; HEX2[4]     ;       ; 5.927 ; 5.927 ;       ;
; SW[11]     ; HEX2[5]     ; 5.923 ; 5.923 ; 5.923 ; 5.923 ;
; SW[11]     ; HEX2[6]     ; 6.039 ; 6.039 ; 6.039 ; 6.039 ;
; SW[11]     ; LEDR[11]    ; 4.981 ;       ;       ; 4.981 ;
; SW[12]     ; HEX3[0]     ; 5.916 ; 5.916 ; 5.916 ; 5.916 ;
; SW[12]     ; HEX3[1]     ; 5.927 ; 5.927 ; 5.927 ; 5.927 ;
; SW[12]     ; HEX3[2]     ; 5.927 ;       ;       ; 5.927 ;
; SW[12]     ; HEX3[3]     ; 5.917 ; 5.917 ; 5.917 ; 5.917 ;
; SW[12]     ; HEX3[4]     ;       ; 5.916 ; 5.916 ;       ;
; SW[12]     ; HEX3[5]     ;       ; 6.113 ; 6.113 ;       ;
; SW[12]     ; HEX3[6]     ;       ; 5.905 ; 5.905 ;       ;
; SW[12]     ; LEDR[12]    ; 5.105 ;       ;       ; 5.105 ;
; SW[13]     ; HEX3[0]     ; 5.260 ; 5.260 ; 5.260 ; 5.260 ;
; SW[13]     ; HEX3[1]     ; 5.269 ; 5.269 ; 5.269 ; 5.269 ;
; SW[13]     ; HEX3[2]     ;       ; 5.266 ; 5.266 ;       ;
; SW[13]     ; HEX3[3]     ; 5.257 ; 5.257 ; 5.257 ; 5.257 ;
; SW[13]     ; HEX3[4]     ; 5.255 ; 5.255 ; 5.255 ; 5.255 ;
; SW[13]     ; HEX3[5]     ;       ; 5.455 ; 5.455 ;       ;
; SW[13]     ; HEX3[6]     ; 5.248 ; 5.248 ; 5.248 ; 5.248 ;
; SW[13]     ; LEDR[13]    ; 4.978 ;       ;       ; 4.978 ;
; SW[14]     ; HEX3[0]     ; 5.487 ; 5.487 ; 5.487 ; 5.487 ;
; SW[14]     ; HEX3[1]     ;       ; 5.497 ; 5.497 ;       ;
; SW[14]     ; HEX3[2]     ; 5.500 ; 5.500 ; 5.500 ; 5.500 ;
; SW[14]     ; HEX3[3]     ; 5.490 ; 5.490 ; 5.490 ; 5.490 ;
; SW[14]     ; HEX3[4]     ;       ; 5.490 ; 5.490 ;       ;
; SW[14]     ; HEX3[5]     ; 5.687 ; 5.687 ; 5.687 ; 5.687 ;
; SW[14]     ; HEX3[6]     ; 5.478 ; 5.478 ; 5.478 ; 5.478 ;
; SW[14]     ; LEDR[14]    ; 5.204 ;       ;       ; 5.204 ;
; SW[15]     ; HEX3[0]     ; 5.216 ; 5.216 ; 5.216 ; 5.216 ;
; SW[15]     ; HEX3[1]     ;       ; 5.224 ; 5.224 ;       ;
; SW[15]     ; HEX3[2]     ;       ; 5.222 ; 5.222 ;       ;
; SW[15]     ; HEX3[3]     ; 5.211 ; 5.211 ; 5.211 ; 5.211 ;
; SW[15]     ; HEX3[4]     ;       ; 5.212 ; 5.212 ;       ;
; SW[15]     ; HEX3[5]     ; 5.410 ; 5.410 ; 5.410 ; 5.410 ;
; SW[15]     ; HEX3[6]     ; 5.204 ; 5.204 ; 5.204 ; 5.204 ;
; SW[15]     ; LEDR[15]    ; 5.021 ;       ;       ; 5.021 ;
; SW[16]     ; LEDR[16]    ; 4.680 ;       ;       ; 4.680 ;
; SW[17]     ; LEDR[17]    ; 4.690 ;       ;       ; 4.690 ;
+------------+-------------+-------+-------+-------+-------+


+----------------------------------------------------------+
; Minimum Propagation Delay                                ;
+------------+-------------+-------+-------+-------+-------+
; Input Port ; Output Port ; RR    ; RF    ; FR    ; FF    ;
+------------+-------------+-------+-------+-------+-------+
; SW[0]      ; HEX0[0]     ; 5.202 ; 5.202 ; 5.202 ; 5.202 ;
; SW[0]      ; HEX0[1]     ; 5.145 ; 5.145 ; 5.145 ; 5.145 ;
; SW[0]      ; HEX0[2]     ; 5.255 ;       ;       ; 5.255 ;
; SW[0]      ; HEX0[3]     ; 5.145 ; 5.145 ; 5.145 ; 5.145 ;
; SW[0]      ; HEX0[4]     ;       ; 5.214 ; 5.214 ;       ;
; SW[0]      ; HEX0[5]     ;       ; 5.121 ; 5.121 ;       ;
; SW[0]      ; HEX0[6]     ;       ; 5.134 ; 5.134 ;       ;
; SW[0]      ; LEDR[0]     ; 4.724 ;       ;       ; 4.724 ;
; SW[1]      ; HEX0[0]     ; 5.101 ; 5.101 ; 5.101 ; 5.101 ;
; SW[1]      ; HEX0[1]     ; 5.045 ; 5.045 ; 5.045 ; 5.045 ;
; SW[1]      ; HEX0[2]     ;       ; 5.160 ; 5.160 ;       ;
; SW[1]      ; HEX0[3]     ; 5.050 ; 5.050 ; 5.050 ; 5.050 ;
; SW[1]      ; HEX0[4]     ; 5.122 ; 5.122 ; 5.122 ; 5.122 ;
; SW[1]      ; HEX0[5]     ;       ; 5.029 ; 5.029 ;       ;
; SW[1]      ; HEX0[6]     ; 5.034 ; 5.034 ; 5.034 ; 5.034 ;
; SW[1]      ; LEDR[1]     ; 4.703 ;       ;       ; 4.703 ;
; SW[2]      ; HEX0[0]     ; 5.214 ; 5.214 ; 5.214 ; 5.214 ;
; SW[2]      ; HEX0[1]     ;       ; 5.159 ; 5.159 ;       ;
; SW[2]      ; HEX0[2]     ; 5.279 ; 5.279 ; 5.279 ; 5.279 ;
; SW[2]      ; HEX0[3]     ; 5.168 ; 5.168 ; 5.168 ; 5.168 ;
; SW[2]      ; HEX0[4]     ;       ; 5.241 ; 5.241 ;       ;
; SW[2]      ; HEX0[5]     ; 5.147 ; 5.147 ; 5.147 ; 5.147 ;
; SW[2]      ; HEX0[6]     ; 5.149 ; 5.149 ; 5.149 ; 5.149 ;
; SW[2]      ; LEDR[2]     ; 4.701 ;       ;       ; 4.701 ;
; SW[3]      ; HEX0[0]     ; 5.099 ; 5.099 ; 5.099 ; 5.099 ;
; SW[3]      ; HEX0[1]     ;       ; 5.041 ; 5.041 ;       ;
; SW[3]      ; HEX0[2]     ;       ; 5.162 ; 5.162 ;       ;
; SW[3]      ; HEX0[3]     ; 5.051 ; 5.051 ; 5.051 ; 5.051 ;
; SW[3]      ; HEX0[4]     ;       ; 5.124 ; 5.124 ;       ;
; SW[3]      ; HEX0[5]     ; 5.030 ; 5.030 ; 5.030 ; 5.030 ;
; SW[3]      ; HEX0[6]     ; 5.031 ; 5.031 ; 5.031 ; 5.031 ;
; SW[3]      ; LEDR[3]     ; 4.616 ;       ;       ; 4.616 ;
; SW[4]      ; HEX1[0]     ; 5.369 ; 5.369 ; 5.369 ; 5.369 ;
; SW[4]      ; HEX1[1]     ; 5.353 ; 5.353 ; 5.353 ; 5.353 ;
; SW[4]      ; HEX1[2]     ; 5.388 ;       ;       ; 5.388 ;
; SW[4]      ; HEX1[3]     ; 5.388 ; 5.388 ; 5.388 ; 5.388 ;
; SW[4]      ; HEX1[4]     ;       ; 5.349 ; 5.349 ;       ;
; SW[4]      ; HEX1[5]     ;       ; 5.376 ; 5.376 ;       ;
; SW[4]      ; HEX1[6]     ;       ; 5.463 ; 5.463 ;       ;
; SW[4]      ; LEDR[4]     ; 5.010 ;       ;       ; 5.010 ;
; SW[5]      ; HEX1[0]     ; 5.408 ; 5.408 ; 5.408 ; 5.408 ;
; SW[5]      ; HEX1[1]     ; 5.396 ; 5.396 ; 5.396 ; 5.396 ;
; SW[5]      ; HEX1[2]     ;       ; 5.436 ; 5.436 ;       ;
; SW[5]      ; HEX1[3]     ; 5.435 ; 5.435 ; 5.435 ; 5.435 ;
; SW[5]      ; HEX1[4]     ; 5.398 ; 5.398 ; 5.398 ; 5.398 ;
; SW[5]      ; HEX1[5]     ;       ; 5.424 ; 5.424 ;       ;
; SW[5]      ; HEX1[6]     ; 5.511 ; 5.511 ; 5.511 ; 5.511 ;
; SW[5]      ; LEDR[5]     ; 4.969 ;       ;       ; 4.969 ;
; SW[6]      ; HEX1[0]     ; 5.296 ; 5.296 ; 5.296 ; 5.296 ;
; SW[6]      ; HEX1[1]     ;       ; 5.277 ; 5.277 ;       ;
; SW[6]      ; HEX1[2]     ; 5.317 ; 5.317 ; 5.317 ; 5.317 ;
; SW[6]      ; HEX1[3]     ; 5.316 ; 5.316 ; 5.316 ; 5.316 ;
; SW[6]      ; HEX1[4]     ;       ; 5.279 ; 5.279 ;       ;
; SW[6]      ; HEX1[5]     ; 5.305 ; 5.305 ; 5.305 ; 5.305 ;
; SW[6]      ; HEX1[6]     ; 5.391 ; 5.391 ; 5.391 ; 5.391 ;
; SW[6]      ; LEDR[6]     ; 4.983 ;       ;       ; 4.983 ;
; SW[7]      ; HEX1[0]     ; 5.220 ; 5.220 ; 5.220 ; 5.220 ;
; SW[7]      ; HEX1[1]     ;       ; 5.201 ; 5.201 ;       ;
; SW[7]      ; HEX1[2]     ;       ; 5.236 ; 5.236 ;       ;
; SW[7]      ; HEX1[3]     ; 5.232 ; 5.232 ; 5.232 ; 5.232 ;
; SW[7]      ; HEX1[4]     ;       ; 5.195 ; 5.195 ;       ;
; SW[7]      ; HEX1[5]     ; 5.221 ; 5.221 ; 5.221 ; 5.221 ;
; SW[7]      ; HEX1[6]     ; 5.308 ; 5.308 ; 5.308 ; 5.308 ;
; SW[7]      ; LEDR[7]     ; 5.032 ;       ;       ; 5.032 ;
; SW[8]      ; HEX2[0]     ; 5.511 ; 5.511 ; 5.511 ; 5.511 ;
; SW[8]      ; HEX2[1]     ; 5.388 ; 5.388 ; 5.388 ; 5.388 ;
; SW[8]      ; HEX2[2]     ; 5.426 ;       ;       ; 5.426 ;
; SW[8]      ; HEX2[3]     ; 5.428 ; 5.428 ; 5.428 ; 5.428 ;
; SW[8]      ; HEX2[4]     ;       ; 5.416 ; 5.416 ;       ;
; SW[8]      ; HEX2[5]     ;       ; 5.406 ; 5.406 ;       ;
; SW[8]      ; HEX2[6]     ;       ; 5.522 ; 5.522 ;       ;
; SW[8]      ; LEDR[8]     ; 5.024 ;       ;       ; 5.024 ;
; SW[9]      ; HEX2[0]     ; 5.388 ; 5.388 ; 5.388 ; 5.388 ;
; SW[9]      ; HEX2[1]     ; 5.261 ; 5.261 ; 5.261 ; 5.261 ;
; SW[9]      ; HEX2[2]     ;       ; 5.306 ; 5.306 ;       ;
; SW[9]      ; HEX2[3]     ; 5.311 ; 5.311 ; 5.311 ; 5.311 ;
; SW[9]      ; HEX2[4]     ; 5.288 ; 5.288 ; 5.288 ; 5.288 ;
; SW[9]      ; HEX2[5]     ;       ; 5.289 ; 5.289 ;       ;
; SW[9]      ; HEX2[6]     ; 5.404 ; 5.404 ; 5.404 ; 5.404 ;
; SW[9]      ; LEDR[9]     ; 5.005 ;       ;       ; 5.005 ;
; SW[10]     ; HEX2[0]     ; 5.433 ; 5.433 ; 5.433 ; 5.433 ;
; SW[10]     ; HEX2[1]     ;       ; 5.310 ; 5.310 ;       ;
; SW[10]     ; HEX2[2]     ; 5.349 ; 5.349 ; 5.349 ; 5.349 ;
; SW[10]     ; HEX2[3]     ; 5.345 ; 5.345 ; 5.345 ; 5.345 ;
; SW[10]     ; HEX2[4]     ;       ; 5.339 ; 5.339 ;       ;
; SW[10]     ; HEX2[5]     ; 5.326 ; 5.326 ; 5.326 ; 5.326 ;
; SW[10]     ; HEX2[6]     ; 5.442 ; 5.442 ; 5.442 ; 5.442 ;
; SW[10]     ; LEDR[10]    ; 5.050 ;       ;       ; 5.050 ;
; SW[11]     ; HEX2[0]     ; 6.024 ; 6.024 ; 6.024 ; 6.024 ;
; SW[11]     ; HEX2[1]     ;       ; 5.898 ; 5.898 ;       ;
; SW[11]     ; HEX2[2]     ;       ; 5.944 ; 5.944 ;       ;
; SW[11]     ; HEX2[3]     ; 5.946 ; 5.946 ; 5.946 ; 5.946 ;
; SW[11]     ; HEX2[4]     ;       ; 5.927 ; 5.927 ;       ;
; SW[11]     ; HEX2[5]     ; 5.923 ; 5.923 ; 5.923 ; 5.923 ;
; SW[11]     ; HEX2[6]     ; 6.039 ; 6.039 ; 6.039 ; 6.039 ;
; SW[11]     ; LEDR[11]    ; 4.981 ;       ;       ; 4.981 ;
; SW[12]     ; HEX3[0]     ; 5.916 ; 5.916 ; 5.916 ; 5.916 ;
; SW[12]     ; HEX3[1]     ; 5.927 ; 5.927 ; 5.927 ; 5.927 ;
; SW[12]     ; HEX3[2]     ; 5.927 ;       ;       ; 5.927 ;
; SW[12]     ; HEX3[3]     ; 5.917 ; 5.917 ; 5.917 ; 5.917 ;
; SW[12]     ; HEX3[4]     ;       ; 5.916 ; 5.916 ;       ;
; SW[12]     ; HEX3[5]     ;       ; 6.113 ; 6.113 ;       ;
; SW[12]     ; HEX3[6]     ;       ; 5.905 ; 5.905 ;       ;
; SW[12]     ; LEDR[12]    ; 5.105 ;       ;       ; 5.105 ;
; SW[13]     ; HEX3[0]     ; 5.260 ; 5.260 ; 5.260 ; 5.260 ;
; SW[13]     ; HEX3[1]     ; 5.269 ; 5.269 ; 5.269 ; 5.269 ;
; SW[13]     ; HEX3[2]     ;       ; 5.266 ; 5.266 ;       ;
; SW[13]     ; HEX3[3]     ; 5.257 ; 5.257 ; 5.257 ; 5.257 ;
; SW[13]     ; HEX3[4]     ; 5.255 ; 5.255 ; 5.255 ; 5.255 ;
; SW[13]     ; HEX3[5]     ;       ; 5.455 ; 5.455 ;       ;
; SW[13]     ; HEX3[6]     ; 5.248 ; 5.248 ; 5.248 ; 5.248 ;
; SW[13]     ; LEDR[13]    ; 4.978 ;       ;       ; 4.978 ;
; SW[14]     ; HEX3[0]     ; 5.487 ; 5.487 ; 5.487 ; 5.487 ;
; SW[14]     ; HEX3[1]     ;       ; 5.497 ; 5.497 ;       ;
; SW[14]     ; HEX3[2]     ; 5.500 ; 5.500 ; 5.500 ; 5.500 ;
; SW[14]     ; HEX3[3]     ; 5.490 ; 5.490 ; 5.490 ; 5.490 ;
; SW[14]     ; HEX3[4]     ;       ; 5.490 ; 5.490 ;       ;
; SW[14]     ; HEX3[5]     ; 5.687 ; 5.687 ; 5.687 ; 5.687 ;
; SW[14]     ; HEX3[6]     ; 5.478 ; 5.478 ; 5.478 ; 5.478 ;
; SW[14]     ; LEDR[14]    ; 5.204 ;       ;       ; 5.204 ;
; SW[15]     ; HEX3[0]     ; 5.216 ; 5.216 ; 5.216 ; 5.216 ;
; SW[15]     ; HEX3[1]     ;       ; 5.224 ; 5.224 ;       ;
; SW[15]     ; HEX3[2]     ;       ; 5.222 ; 5.222 ;       ;
; SW[15]     ; HEX3[3]     ; 5.211 ; 5.211 ; 5.211 ; 5.211 ;
; SW[15]     ; HEX3[4]     ;       ; 5.212 ; 5.212 ;       ;
; SW[15]     ; HEX3[5]     ; 5.410 ; 5.410 ; 5.410 ; 5.410 ;
; SW[15]     ; HEX3[6]     ; 5.204 ; 5.204 ; 5.204 ; 5.204 ;
; SW[15]     ; LEDR[15]    ; 5.021 ;       ;       ; 5.021 ;
; SW[16]     ; LEDR[16]    ; 4.680 ;       ;       ; 4.680 ;
; SW[17]     ; LEDR[17]    ; 4.690 ;       ;       ; 4.690 ;
+------------+-------------+-------+-------+-------+-------+


+----------------------------------------------------------------------------+
; Multicorner Timing Analysis Summary                                        ;
+------------------+-------+------+----------+---------+---------------------+
; Clock            ; Setup ; Hold ; Recovery ; Removal ; Minimum Pulse Width ;
+------------------+-------+------+----------+---------+---------------------+
; Worst-case Slack ; N/A   ; N/A  ; N/A      ; N/A     ; N/A                 ;
; Design-wide TNS  ; 0.0   ; 0.0  ; 0.0      ; 0.0     ; 0.0                 ;
+------------------+-------+------+----------+---------+---------------------+


+--------------------------------------------------------------+
; Progagation Delay                                            ;
+------------+-------------+--------+--------+--------+--------+
; Input Port ; Output Port ; RR     ; RF     ; FR     ; FF     ;
+------------+-------------+--------+--------+--------+--------+
; SW[0]      ; HEX0[0]     ; 9.362  ; 9.362  ; 9.362  ; 9.362  ;
; SW[0]      ; HEX0[1]     ; 9.210  ; 9.210  ; 9.210  ; 9.210  ;
; SW[0]      ; HEX0[2]     ; 9.472  ;        ;        ; 9.472  ;
; SW[0]      ; HEX0[3]     ; 9.216  ; 9.216  ; 9.216  ; 9.216  ;
; SW[0]      ; HEX0[4]     ;        ; 9.372  ; 9.372  ;        ;
; SW[0]      ; HEX0[5]     ;        ; 9.187  ; 9.187  ;        ;
; SW[0]      ; HEX0[6]     ;        ; 9.198  ; 9.198  ;        ;
; SW[0]      ; LEDR[0]     ; 8.236  ;        ;        ; 8.236  ;
; SW[1]      ; HEX0[0]     ; 9.081  ; 9.081  ; 9.081  ; 9.081  ;
; SW[1]      ; HEX0[1]     ; 8.930  ; 8.930  ; 8.930  ; 8.930  ;
; SW[1]      ; HEX0[2]     ;        ; 9.200  ; 9.200  ;        ;
; SW[1]      ; HEX0[3]     ; 8.942  ; 8.942  ; 8.942  ; 8.942  ;
; SW[1]      ; HEX0[4]     ; 9.099  ; 9.099  ; 9.099  ; 9.099  ;
; SW[1]      ; HEX0[5]     ;        ; 8.914  ; 8.914  ;        ;
; SW[1]      ; HEX0[6]     ; 8.917  ; 8.917  ; 8.917  ; 8.917  ;
; SW[1]      ; LEDR[1]     ; 8.165  ;        ;        ; 8.165  ;
; SW[2]      ; HEX0[0]     ; 9.354  ; 9.354  ; 9.354  ; 9.354  ;
; SW[2]      ; HEX0[1]     ;        ; 9.206  ; 9.206  ;        ;
; SW[2]      ; HEX0[2]     ; 9.480  ; 9.480  ; 9.480  ; 9.480  ;
; SW[2]      ; HEX0[3]     ; 9.221  ; 9.221  ; 9.221  ; 9.221  ;
; SW[2]      ; HEX0[4]     ;        ; 9.382  ; 9.382  ;        ;
; SW[2]      ; HEX0[5]     ; 9.196  ; 9.196  ; 9.196  ; 9.196  ;
; SW[2]      ; HEX0[6]     ; 9.195  ; 9.195  ; 9.195  ; 9.195  ;
; SW[2]      ; LEDR[2]     ; 8.164  ;        ;        ; 8.164  ;
; SW[3]      ; HEX0[0]     ; 9.110  ; 9.110  ; 9.110  ; 9.110  ;
; SW[3]      ; HEX0[1]     ;        ; 8.961  ; 8.961  ;        ;
; SW[3]      ; HEX0[2]     ;        ; 9.234  ; 9.234  ;        ;
; SW[3]      ; HEX0[3]     ; 8.976  ; 8.976  ; 8.976  ; 8.976  ;
; SW[3]      ; HEX0[4]     ;        ; 9.135  ; 9.135  ;        ;
; SW[3]      ; HEX0[5]     ; 8.951  ; 8.951  ; 8.951  ; 8.951  ;
; SW[3]      ; HEX0[6]     ; 8.953  ; 8.953  ; 8.953  ; 8.953  ;
; SW[3]      ; LEDR[3]     ; 7.970  ;        ;        ; 7.970  ;
; SW[4]      ; HEX1[0]     ; 9.669  ; 9.669  ; 9.669  ; 9.669  ;
; SW[4]      ; HEX1[1]     ; 9.655  ; 9.655  ; 9.655  ; 9.655  ;
; SW[4]      ; HEX1[2]     ; 9.692  ;        ;        ; 9.692  ;
; SW[4]      ; HEX1[3]     ; 9.691  ; 9.691  ; 9.691  ; 9.691  ;
; SW[4]      ; HEX1[4]     ;        ; 9.656  ; 9.656  ;        ;
; SW[4]      ; HEX1[5]     ;        ; 9.679  ; 9.679  ;        ;
; SW[4]      ; HEX1[6]     ;        ; 9.888  ; 9.888  ;        ;
; SW[4]      ; LEDR[4]     ; 8.827  ;        ;        ; 8.827  ;
; SW[5]      ; HEX1[0]     ; 9.755  ; 9.755  ; 9.755  ; 9.755  ;
; SW[5]      ; HEX1[1]     ; 9.747  ; 9.747  ; 9.747  ; 9.747  ;
; SW[5]      ; HEX1[2]     ;        ; 9.788  ; 9.788  ;        ;
; SW[5]      ; HEX1[3]     ; 9.786  ; 9.786  ; 9.786  ; 9.786  ;
; SW[5]      ; HEX1[4]     ; 9.751  ; 9.751  ; 9.751  ; 9.751  ;
; SW[5]      ; HEX1[5]     ;        ; 9.774  ; 9.774  ;        ;
; SW[5]      ; HEX1[6]     ; 9.983  ; 9.983  ; 9.983  ; 9.983  ;
; SW[5]      ; LEDR[5]     ; 8.762  ;        ;        ; 8.762  ;
; SW[6]      ; HEX1[0]     ; 9.470  ; 9.470  ; 9.470  ; 9.470  ;
; SW[6]      ; HEX1[1]     ;        ; 9.453  ; 9.453  ;        ;
; SW[6]      ; HEX1[2]     ; 9.494  ; 9.494  ; 9.494  ; 9.494  ;
; SW[6]      ; HEX1[3]     ; 9.492  ; 9.492  ; 9.492  ; 9.492  ;
; SW[6]      ; HEX1[4]     ;        ; 9.457  ; 9.457  ;        ;
; SW[6]      ; HEX1[5]     ; 9.480  ; 9.480  ; 9.480  ; 9.480  ;
; SW[6]      ; HEX1[6]     ; 9.689  ; 9.689  ; 9.689  ; 9.689  ;
; SW[6]      ; LEDR[6]     ; 8.783  ;        ;        ; 8.783  ;
; SW[7]      ; HEX1[0]     ; 9.301  ; 9.301  ; 9.301  ; 9.301  ;
; SW[7]      ; HEX1[1]     ;        ; 9.284  ; 9.284  ;        ;
; SW[7]      ; HEX1[2]     ;        ; 9.317  ; 9.317  ;        ;
; SW[7]      ; HEX1[3]     ; 9.315  ; 9.315  ; 9.315  ; 9.315  ;
; SW[7]      ; HEX1[4]     ;        ; 9.280  ; 9.280  ;        ;
; SW[7]      ; HEX1[5]     ; 9.303  ; 9.303  ; 9.303  ; 9.303  ;
; SW[7]      ; HEX1[6]     ; 9.515  ; 9.515  ; 9.515  ; 9.515  ;
; SW[7]      ; LEDR[7]     ; 8.843  ;        ;        ; 8.843  ;
; SW[8]      ; HEX2[0]     ; 9.949  ; 9.949  ; 9.949  ; 9.949  ;
; SW[8]      ; HEX2[1]     ; 9.704  ; 9.704  ; 9.704  ; 9.704  ;
; SW[8]      ; HEX2[2]     ; 9.742  ;        ;        ; 9.742  ;
; SW[8]      ; HEX2[3]     ; 9.745  ; 9.745  ; 9.745  ; 9.745  ;
; SW[8]      ; HEX2[4]     ;        ; 9.732  ; 9.732  ;        ;
; SW[8]      ; HEX2[5]     ;        ; 9.722  ; 9.722  ;        ;
; SW[8]      ; HEX2[6]     ;        ; 9.959  ; 9.959  ;        ;
; SW[8]      ; LEDR[8]     ; 8.830  ;        ;        ; 8.830  ;
; SW[9]      ; HEX2[0]     ; 9.701  ; 9.701  ; 9.701  ; 9.701  ;
; SW[9]      ; HEX2[1]     ; 9.452  ; 9.452  ; 9.452  ; 9.452  ;
; SW[9]      ; HEX2[2]     ;        ; 9.498  ; 9.498  ;        ;
; SW[9]      ; HEX2[3]     ; 9.505  ; 9.505  ; 9.505  ; 9.505  ;
; SW[9]      ; HEX2[4]     ; 9.479  ; 9.479  ; 9.479  ; 9.479  ;
; SW[9]      ; HEX2[5]     ;        ; 9.483  ; 9.483  ;        ;
; SW[9]      ; HEX2[6]     ; 9.719  ; 9.719  ; 9.719  ; 9.719  ;
; SW[9]      ; LEDR[9]     ; 8.811  ;        ;        ; 8.811  ;
; SW[10]     ; HEX2[0]     ; 9.716  ; 9.716  ; 9.716  ; 9.716  ;
; SW[10]     ; HEX2[1]     ;        ; 9.473  ; 9.473  ;        ;
; SW[10]     ; HEX2[2]     ; 9.510  ; 9.510  ; 9.510  ; 9.510  ;
; SW[10]     ; HEX2[3]     ; 9.506  ; 9.506  ; 9.506  ; 9.506  ;
; SW[10]     ; HEX2[4]     ;        ; 9.501  ; 9.501  ;        ;
; SW[10]     ; HEX2[5]     ; 9.486  ; 9.486  ; 9.486  ; 9.486  ;
; SW[10]     ; HEX2[6]     ; 9.724  ; 9.724  ; 9.724  ; 9.724  ;
; SW[10]     ; LEDR[10]    ; 8.861  ;        ;        ; 8.861  ;
; SW[11]     ; HEX2[0]     ; 10.816 ; 10.816 ; 10.816 ; 10.816 ;
; SW[11]     ; HEX2[1]     ;        ; 10.570 ; 10.570 ;        ;
; SW[11]     ; HEX2[2]     ;        ; 10.612 ; 10.612 ;        ;
; SW[11]     ; HEX2[3]     ; 10.617 ; 10.617 ; 10.617 ; 10.617 ;
; SW[11]     ; HEX2[4]     ;        ; 10.597 ; 10.597 ;        ;
; SW[11]     ; HEX2[5]     ; 10.595 ; 10.595 ; 10.595 ; 10.595 ;
; SW[11]     ; HEX2[6]     ; 10.836 ; 10.836 ; 10.836 ; 10.836 ;
; SW[11]     ; LEDR[11]    ; 8.681  ;        ;        ; 8.681  ;
; SW[12]     ; HEX3[0]     ; 10.538 ; 10.538 ; 10.538 ; 10.538 ;
; SW[12]     ; HEX3[1]     ; 10.552 ; 10.552 ; 10.552 ; 10.552 ;
; SW[12]     ; HEX3[2]     ; 10.551 ;        ;        ; 10.551 ;
; SW[12]     ; HEX3[3]     ; 10.540 ; 10.540 ; 10.540 ; 10.540 ;
; SW[12]     ; HEX3[4]     ;        ; 10.539 ; 10.539 ;        ;
; SW[12]     ; HEX3[5]     ;        ; 10.901 ; 10.901 ;        ;
; SW[12]     ; HEX3[6]     ;        ; 10.529 ; 10.529 ;        ;
; SW[12]     ; LEDR[12]    ; 8.959  ;        ;        ; 8.959  ;
; SW[13]     ; HEX3[0]     ; 9.419  ; 9.419  ; 9.419  ; 9.419  ;
; SW[13]     ; HEX3[1]     ; 9.432  ; 9.432  ; 9.432  ; 9.432  ;
; SW[13]     ; HEX3[2]     ;        ; 9.427  ; 9.427  ;        ;
; SW[13]     ; HEX3[3]     ; 9.416  ; 9.416  ; 9.416  ; 9.416  ;
; SW[13]     ; HEX3[4]     ; 9.413  ; 9.413  ; 9.413  ; 9.413  ;
; SW[13]     ; HEX3[5]     ;        ; 9.779  ; 9.779  ;        ;
; SW[13]     ; HEX3[6]     ; 9.408  ; 9.408  ; 9.408  ; 9.408  ;
; SW[13]     ; LEDR[13]    ; 8.783  ;        ;        ; 8.783  ;
; SW[14]     ; HEX3[0]     ; 9.838  ; 9.838  ; 9.838  ; 9.838  ;
; SW[14]     ; HEX3[1]     ;        ; 9.851  ; 9.851  ;        ;
; SW[14]     ; HEX3[2]     ; 9.855  ; 9.855  ; 9.855  ; 9.855  ;
; SW[14]     ; HEX3[3]     ; 9.844  ; 9.844  ; 9.844  ; 9.844  ;
; SW[14]     ; HEX3[4]     ;        ; 9.843  ; 9.843  ;        ;
; SW[14]     ; HEX3[5]     ; 10.205 ; 10.205 ; 10.205 ; 10.205 ;
; SW[14]     ; HEX3[6]     ; 9.831  ; 9.831  ; 9.831  ; 9.831  ;
; SW[14]     ; LEDR[14]    ; 9.115  ;        ;        ; 9.115  ;
; SW[15]     ; HEX3[0]     ; 9.326  ; 9.326  ; 9.326  ; 9.326  ;
; SW[15]     ; HEX3[1]     ;        ; 9.338  ; 9.338  ;        ;
; SW[15]     ; HEX3[2]     ;        ; 9.337  ; 9.337  ;        ;
; SW[15]     ; HEX3[3]     ; 9.325  ; 9.325  ; 9.325  ; 9.325  ;
; SW[15]     ; HEX3[4]     ;        ; 9.325  ; 9.325  ;        ;
; SW[15]     ; HEX3[5]     ; 9.687  ; 9.687  ; 9.687  ; 9.687  ;
; SW[15]     ; HEX3[6]     ; 9.319  ; 9.319  ; 9.319  ; 9.319  ;
; SW[15]     ; LEDR[15]    ; 8.841  ;        ;        ; 8.841  ;
; SW[16]     ; LEDR[16]    ; 8.140  ;        ;        ; 8.140  ;
; SW[17]     ; LEDR[17]    ; 8.150  ;        ;        ; 8.150  ;
+------------+-------------+--------+--------+--------+--------+


+----------------------------------------------------------+
; Minimum Progagation Delay                                ;
+------------+-------------+-------+-------+-------+-------+
; Input Port ; Output Port ; RR    ; RF    ; FR    ; FF    ;
+------------+-------------+-------+-------+-------+-------+
; SW[0]      ; HEX0[0]     ; 5.202 ; 5.202 ; 5.202 ; 5.202 ;
; SW[0]      ; HEX0[1]     ; 5.145 ; 5.145 ; 5.145 ; 5.145 ;
; SW[0]      ; HEX0[2]     ; 5.255 ;       ;       ; 5.255 ;
; SW[0]      ; HEX0[3]     ; 5.145 ; 5.145 ; 5.145 ; 5.145 ;
; SW[0]      ; HEX0[4]     ;       ; 5.214 ; 5.214 ;       ;
; SW[0]      ; HEX0[5]     ;       ; 5.121 ; 5.121 ;       ;
; SW[0]      ; HEX0[6]     ;       ; 5.134 ; 5.134 ;       ;
; SW[0]      ; LEDR[0]     ; 4.724 ;       ;       ; 4.724 ;
; SW[1]      ; HEX0[0]     ; 5.101 ; 5.101 ; 5.101 ; 5.101 ;
; SW[1]      ; HEX0[1]     ; 5.045 ; 5.045 ; 5.045 ; 5.045 ;
; SW[1]      ; HEX0[2]     ;       ; 5.160 ; 5.160 ;       ;
; SW[1]      ; HEX0[3]     ; 5.050 ; 5.050 ; 5.050 ; 5.050 ;
; SW[1]      ; HEX0[4]     ; 5.122 ; 5.122 ; 5.122 ; 5.122 ;
; SW[1]      ; HEX0[5]     ;       ; 5.029 ; 5.029 ;       ;
; SW[1]      ; HEX0[6]     ; 5.034 ; 5.034 ; 5.034 ; 5.034 ;
; SW[1]      ; LEDR[1]     ; 4.703 ;       ;       ; 4.703 ;
; SW[2]      ; HEX0[0]     ; 5.214 ; 5.214 ; 5.214 ; 5.214 ;
; SW[2]      ; HEX0[1]     ;       ; 5.159 ; 5.159 ;       ;
; SW[2]      ; HEX0[2]     ; 5.279 ; 5.279 ; 5.279 ; 5.279 ;
; SW[2]      ; HEX0[3]     ; 5.168 ; 5.168 ; 5.168 ; 5.168 ;
; SW[2]      ; HEX0[4]     ;       ; 5.241 ; 5.241 ;       ;
; SW[2]      ; HEX0[5]     ; 5.147 ; 5.147 ; 5.147 ; 5.147 ;
; SW[2]      ; HEX0[6]     ; 5.149 ; 5.149 ; 5.149 ; 5.149 ;
; SW[2]      ; LEDR[2]     ; 4.701 ;       ;       ; 4.701 ;
; SW[3]      ; HEX0[0]     ; 5.099 ; 5.099 ; 5.099 ; 5.099 ;
; SW[3]      ; HEX0[1]     ;       ; 5.041 ; 5.041 ;       ;
; SW[3]      ; HEX0[2]     ;       ; 5.162 ; 5.162 ;       ;
; SW[3]      ; HEX0[3]     ; 5.051 ; 5.051 ; 5.051 ; 5.051 ;
; SW[3]      ; HEX0[4]     ;       ; 5.124 ; 5.124 ;       ;
; SW[3]      ; HEX0[5]     ; 5.030 ; 5.030 ; 5.030 ; 5.030 ;
; SW[3]      ; HEX0[6]     ; 5.031 ; 5.031 ; 5.031 ; 5.031 ;
; SW[3]      ; LEDR[3]     ; 4.616 ;       ;       ; 4.616 ;
; SW[4]      ; HEX1[0]     ; 5.369 ; 5.369 ; 5.369 ; 5.369 ;
; SW[4]      ; HEX1[1]     ; 5.353 ; 5.353 ; 5.353 ; 5.353 ;
; SW[4]      ; HEX1[2]     ; 5.388 ;       ;       ; 5.388 ;
; SW[4]      ; HEX1[3]     ; 5.388 ; 5.388 ; 5.388 ; 5.388 ;
; SW[4]      ; HEX1[4]     ;       ; 5.349 ; 5.349 ;       ;
; SW[4]      ; HEX1[5]     ;       ; 5.376 ; 5.376 ;       ;
; SW[4]      ; HEX1[6]     ;       ; 5.463 ; 5.463 ;       ;
; SW[4]      ; LEDR[4]     ; 5.010 ;       ;       ; 5.010 ;
; SW[5]      ; HEX1[0]     ; 5.408 ; 5.408 ; 5.408 ; 5.408 ;
; SW[5]      ; HEX1[1]     ; 5.396 ; 5.396 ; 5.396 ; 5.396 ;
; SW[5]      ; HEX1[2]     ;       ; 5.436 ; 5.436 ;       ;
; SW[5]      ; HEX1[3]     ; 5.435 ; 5.435 ; 5.435 ; 5.435 ;
; SW[5]      ; HEX1[4]     ; 5.398 ; 5.398 ; 5.398 ; 5.398 ;
; SW[5]      ; HEX1[5]     ;       ; 5.424 ; 5.424 ;       ;
; SW[5]      ; HEX1[6]     ; 5.511 ; 5.511 ; 5.511 ; 5.511 ;
; SW[5]      ; LEDR[5]     ; 4.969 ;       ;       ; 4.969 ;
; SW[6]      ; HEX1[0]     ; 5.296 ; 5.296 ; 5.296 ; 5.296 ;
; SW[6]      ; HEX1[1]     ;       ; 5.277 ; 5.277 ;       ;
; SW[6]      ; HEX1[2]     ; 5.317 ; 5.317 ; 5.317 ; 5.317 ;
; SW[6]      ; HEX1[3]     ; 5.316 ; 5.316 ; 5.316 ; 5.316 ;
; SW[6]      ; HEX1[4]     ;       ; 5.279 ; 5.279 ;       ;
; SW[6]      ; HEX1[5]     ; 5.305 ; 5.305 ; 5.305 ; 5.305 ;
; SW[6]      ; HEX1[6]     ; 5.391 ; 5.391 ; 5.391 ; 5.391 ;
; SW[6]      ; LEDR[6]     ; 4.983 ;       ;       ; 4.983 ;
; SW[7]      ; HEX1[0]     ; 5.220 ; 5.220 ; 5.220 ; 5.220 ;
; SW[7]      ; HEX1[1]     ;       ; 5.201 ; 5.201 ;       ;
; SW[7]      ; HEX1[2]     ;       ; 5.236 ; 5.236 ;       ;
; SW[7]      ; HEX1[3]     ; 5.232 ; 5.232 ; 5.232 ; 5.232 ;
; SW[7]      ; HEX1[4]     ;       ; 5.195 ; 5.195 ;       ;
; SW[7]      ; HEX1[5]     ; 5.221 ; 5.221 ; 5.221 ; 5.221 ;
; SW[7]      ; HEX1[6]     ; 5.308 ; 5.308 ; 5.308 ; 5.308 ;
; SW[7]      ; LEDR[7]     ; 5.032 ;       ;       ; 5.032 ;
; SW[8]      ; HEX2[0]     ; 5.511 ; 5.511 ; 5.511 ; 5.511 ;
; SW[8]      ; HEX2[1]     ; 5.388 ; 5.388 ; 5.388 ; 5.388 ;
; SW[8]      ; HEX2[2]     ; 5.426 ;       ;       ; 5.426 ;
; SW[8]      ; HEX2[3]     ; 5.428 ; 5.428 ; 5.428 ; 5.428 ;
; SW[8]      ; HEX2[4]     ;       ; 5.416 ; 5.416 ;       ;
; SW[8]      ; HEX2[5]     ;       ; 5.406 ; 5.406 ;       ;
; SW[8]      ; HEX2[6]     ;       ; 5.522 ; 5.522 ;       ;
; SW[8]      ; LEDR[8]     ; 5.024 ;       ;       ; 5.024 ;
; SW[9]      ; HEX2[0]     ; 5.388 ; 5.388 ; 5.388 ; 5.388 ;
; SW[9]      ; HEX2[1]     ; 5.261 ; 5.261 ; 5.261 ; 5.261 ;
; SW[9]      ; HEX2[2]     ;       ; 5.306 ; 5.306 ;       ;
; SW[9]      ; HEX2[3]     ; 5.311 ; 5.311 ; 5.311 ; 5.311 ;
; SW[9]      ; HEX2[4]     ; 5.288 ; 5.288 ; 5.288 ; 5.288 ;
; SW[9]      ; HEX2[5]     ;       ; 5.289 ; 5.289 ;       ;
; SW[9]      ; HEX2[6]     ; 5.404 ; 5.404 ; 5.404 ; 5.404 ;
; SW[9]      ; LEDR[9]     ; 5.005 ;       ;       ; 5.005 ;
; SW[10]     ; HEX2[0]     ; 5.433 ; 5.433 ; 5.433 ; 5.433 ;
; SW[10]     ; HEX2[1]     ;       ; 5.310 ; 5.310 ;       ;
; SW[10]     ; HEX2[2]     ; 5.349 ; 5.349 ; 5.349 ; 5.349 ;
; SW[10]     ; HEX2[3]     ; 5.345 ; 5.345 ; 5.345 ; 5.345 ;
; SW[10]     ; HEX2[4]     ;       ; 5.339 ; 5.339 ;       ;
; SW[10]     ; HEX2[5]     ; 5.326 ; 5.326 ; 5.326 ; 5.326 ;
; SW[10]     ; HEX2[6]     ; 5.442 ; 5.442 ; 5.442 ; 5.442 ;
; SW[10]     ; LEDR[10]    ; 5.050 ;       ;       ; 5.050 ;
; SW[11]     ; HEX2[0]     ; 6.024 ; 6.024 ; 6.024 ; 6.024 ;
; SW[11]     ; HEX2[1]     ;       ; 5.898 ; 5.898 ;       ;
; SW[11]     ; HEX2[2]     ;       ; 5.944 ; 5.944 ;       ;
; SW[11]     ; HEX2[3]     ; 5.946 ; 5.946 ; 5.946 ; 5.946 ;
; SW[11]     ; HEX2[4]     ;       ; 5.927 ; 5.927 ;       ;
; SW[11]     ; HEX2[5]     ; 5.923 ; 5.923 ; 5.923 ; 5.923 ;
; SW[11]     ; HEX2[6]     ; 6.039 ; 6.039 ; 6.039 ; 6.039 ;
; SW[11]     ; LEDR[11]    ; 4.981 ;       ;       ; 4.981 ;
; SW[12]     ; HEX3[0]     ; 5.916 ; 5.916 ; 5.916 ; 5.916 ;
; SW[12]     ; HEX3[1]     ; 5.927 ; 5.927 ; 5.927 ; 5.927 ;
; SW[12]     ; HEX3[2]     ; 5.927 ;       ;       ; 5.927 ;
; SW[12]     ; HEX3[3]     ; 5.917 ; 5.917 ; 5.917 ; 5.917 ;
; SW[12]     ; HEX3[4]     ;       ; 5.916 ; 5.916 ;       ;
; SW[12]     ; HEX3[5]     ;       ; 6.113 ; 6.113 ;       ;
; SW[12]     ; HEX3[6]     ;       ; 5.905 ; 5.905 ;       ;
; SW[12]     ; LEDR[12]    ; 5.105 ;       ;       ; 5.105 ;
; SW[13]     ; HEX3[0]     ; 5.260 ; 5.260 ; 5.260 ; 5.260 ;
; SW[13]     ; HEX3[1]     ; 5.269 ; 5.269 ; 5.269 ; 5.269 ;
; SW[13]     ; HEX3[2]     ;       ; 5.266 ; 5.266 ;       ;
; SW[13]     ; HEX3[3]     ; 5.257 ; 5.257 ; 5.257 ; 5.257 ;
; SW[13]     ; HEX3[4]     ; 5.255 ; 5.255 ; 5.255 ; 5.255 ;
; SW[13]     ; HEX3[5]     ;       ; 5.455 ; 5.455 ;       ;
; SW[13]     ; HEX3[6]     ; 5.248 ; 5.248 ; 5.248 ; 5.248 ;
; SW[13]     ; LEDR[13]    ; 4.978 ;       ;       ; 4.978 ;
; SW[14]     ; HEX3[0]     ; 5.487 ; 5.487 ; 5.487 ; 5.487 ;
; SW[14]     ; HEX3[1]     ;       ; 5.497 ; 5.497 ;       ;
; SW[14]     ; HEX3[2]     ; 5.500 ; 5.500 ; 5.500 ; 5.500 ;
; SW[14]     ; HEX3[3]     ; 5.490 ; 5.490 ; 5.490 ; 5.490 ;
; SW[14]     ; HEX3[4]     ;       ; 5.490 ; 5.490 ;       ;
; SW[14]     ; HEX3[5]     ; 5.687 ; 5.687 ; 5.687 ; 5.687 ;
; SW[14]     ; HEX3[6]     ; 5.478 ; 5.478 ; 5.478 ; 5.478 ;
; SW[14]     ; LEDR[14]    ; 5.204 ;       ;       ; 5.204 ;
; SW[15]     ; HEX3[0]     ; 5.216 ; 5.216 ; 5.216 ; 5.216 ;
; SW[15]     ; HEX3[1]     ;       ; 5.224 ; 5.224 ;       ;
; SW[15]     ; HEX3[2]     ;       ; 5.222 ; 5.222 ;       ;
; SW[15]     ; HEX3[3]     ; 5.211 ; 5.211 ; 5.211 ; 5.211 ;
; SW[15]     ; HEX3[4]     ;       ; 5.212 ; 5.212 ;       ;
; SW[15]     ; HEX3[5]     ; 5.410 ; 5.410 ; 5.410 ; 5.410 ;
; SW[15]     ; HEX3[6]     ; 5.204 ; 5.204 ; 5.204 ; 5.204 ;
; SW[15]     ; LEDR[15]    ; 5.021 ;       ;       ; 5.021 ;
; SW[16]     ; LEDR[16]    ; 4.680 ;       ;       ; 4.680 ;
; SW[17]     ; LEDR[17]    ; 4.690 ;       ;       ; 4.690 ;
+------------+-------------+-------+-------+-------+-------+


-------------------
; Clock Transfers ;
-------------------
Nothing to report.


---------------
; Report TCCS ;
---------------
No dedicated SERDES Transmitter circuitry present in device or used in design


---------------
; Report RSKM ;
---------------
No dedicated SERDES Receiver circuitry present in device or used in design


+------------------------------------------------+
; Unconstrained Paths                            ;
+---------------------------------+-------+------+
; Property                        ; Setup ; Hold ;
+---------------------------------+-------+------+
; Illegal Clocks                  ; 0     ; 0    ;
; Unconstrained Clocks            ; 0     ; 0    ;
; Unconstrained Input Ports       ; 18    ; 18   ;
; Unconstrained Input Port Paths  ; 130   ; 130  ;
; Unconstrained Output Ports      ; 46    ; 46   ;
; Unconstrained Output Port Paths ; 130   ; 130  ;
+---------------------------------+-------+------+


+------------------------------------+
; TimeQuest Timing Analyzer Messages ;
+------------------------------------+
Info: *******************************************************************
Info: Running Quartus II 64-Bit TimeQuest Timing Analyzer
    Info: Version 13.0.1 Build 232 06/12/2013 Service Pack 1 SJ Web Edition
    Info: Processing started: Tue Nov 12 09:08:59 2024
Info: Command: quartus_sta Par1_2 -c Par1_2
Info: qsta_default_script.tcl version: #1
Warning (20028): Parallel compilation is not licensed and has been disabled
Info (21077): Low junction temperature is 0 degrees C
Info (21077): High junction temperature is 85 degrees C
Critical Warning (332012): Synopsys Design Constraints File file not found: 'Par1_2.sdc'. A Synopsys Design Constraints File is required by the TimeQuest Timing Analyzer to get proper timing constraints. Without it, the Compiler will not properly optimize the design.
Info (332142): No user constrained base clocks found in the design. Calling "derive_clocks -period 1.0"
Info (332096): The command derive_clocks did not find any clocks to derive.  No clocks were created or changed.
Warning (332068): No clocks defined in design.
Info: Found TIMEQUEST_REPORT_SCRIPT_INCLUDE_DEFAULT_ANALYSIS = ON
Info (332159): No clocks to report
Info: Analyzing Slow Model
Info (332140): No fmax paths to report
Info (332140): No Setup paths to report
Info (332140): No Hold paths to report
Info (332140): No Recovery paths to report
Info (332140): No Removal paths to report
Info (332140): No Minimum Pulse Width paths to report
Info (332001): The selected device family is not supported by the report_metastability command.
Info: Analyzing Fast Model
Info (332142): No user constrained base clocks found in the design. Calling "derive_clocks -period 1.0"
Info (332096): The command derive_clocks did not find any clocks to derive.  No clocks were created or changed.
Warning (332068): No clocks defined in design.
Info (332140): No Setup paths to report
Info (332140): No Hold paths to report
Info (332140): No Recovery paths to report
Info (332140): No Removal paths to report
Info (332140): No Minimum Pulse Width paths to report
Info (332001): The selected device family is not supported by the report_metastability command.
Info (332102): Design is not fully constrained for setup requirements
Info (332102): Design is not fully constrained for hold requirements
Info: Quartus II 64-Bit TimeQuest Timing Analyzer was successful. 0 errors, 4 warnings
    Info: Peak virtual memory: 4535 megabytes
    Info: Processing ended: Tue Nov 12 09:09:01 2024
    Info: Elapsed time: 00:00:02
    Info: Total CPU time (on all processors): 00:00:02


