TimeQuest Timing Analyzer report for par4_2
Sat Nov 16 07:03:36 2024
Quartus II 64-Bit Version 13.0.1 Build 232 06/12/2013 Service Pack 1 SJ Web Edition


---------------------
; Table of Contents ;
---------------------
  1. Legal Notice
  2. TimeQuest Timing Analyzer Summary
  3. Parallel Compilation
  4. Clocks
  5. Slow Model Fmax Summary
  6. Slow Model Setup Summary
  7. Slow Model Hold Summary
  8. Slow Model Recovery Summary
  9. Slow Model Removal Summary
 10. Slow Model Minimum Pulse Width Summary
 11. Propagation Delay
 12. Minimum Propagation Delay
 13. Fast Model Setup Summary
 14. Fast Model Hold Summary
 15. Fast Model Recovery Summary
 16. Fast Model Removal Summary
 17. Fast Model Minimum Pulse Width Summary
 18. Propagation Delay
 19. Minimum Propagation Delay
 20. Multicorner Timing Analysis Summary
 21. Progagation Delay
 22. Minimum Progagation Delay
 23. Clock Transfers
 24. Report TCCS
 25. Report RSKM
 26. Unconstrained Paths
 27. TimeQuest Timing Analyzer Messages



----------------
; Legal Notice ;
----------------
Copyright (C) 1991-2013 Altera Corporation
Your use of Altera Corporation's design tools, logic functions 
and other software and tools, and its AMPP partner logic 
functions, and any output files from any of the foregoing 
(including device programming or simulation files), and any 
associated documentation or information are expressly subject 
to the terms and conditions of the Altera Program License 
Subscription Agreement, Altera MegaCore Function License 
Agreement, or other applicable license agreement, including, 
without limitation, that your use is for the sole purpose of 
programming logic devices manufactured by Altera and sold by 
Altera or its authorized distributors.  Please refer to the 
applicable agreement for further details.



+----------------------------------------------------------------------------------------+
; TimeQuest Timing Analyzer Summary                                                      ;
+--------------------+-------------------------------------------------------------------+
; Quartus II Version ; Version 13.0.1 Build 232 06/12/2013 Service Pack 1 SJ Web Edition ;
; Revision Name      ; par4_2                                                            ;
; Device Family      ; Cyclone II                                                        ;
; Device Name        ; EP2C35F672C6                                                      ;
; Timing Models      ; Final                                                             ;
; Delay Model        ; Combined                                                          ;
; Rise/Fall Delays   ; Unavailable                                                       ;
+--------------------+-------------------------------------------------------------------+


Parallel compilation was disabled, but you have multiple processors available. Enable parallel compilation to reduce compilation time.
+-------------------------------------+
; Parallel Compilation                ;
+----------------------------+--------+
; Processors                 ; Number ;
+----------------------------+--------+
; Number detected on machine ; 4      ;
; Maximum allowed            ; 1      ;
+----------------------------+--------+


----------
; Clocks ;
----------
No clocks to report.


---------------------------
; Slow Model Fmax Summary ;
---------------------------
No paths to report.


----------------------------
; Slow Model Setup Summary ;
----------------------------
No paths to report.


---------------------------
; Slow Model Hold Summary ;
---------------------------
No paths to report.


-------------------------------
; Slow Model Recovery Summary ;
-------------------------------
No paths to report.


------------------------------
; Slow Model Removal Summary ;
------------------------------
No paths to report.


------------------------------------------
; Slow Model Minimum Pulse Width Summary ;
------------------------------------------
No paths to report.


+--------------------------------------------------------------+
; Propagation Delay                                            ;
+------------+-------------+--------+--------+--------+--------+
; Input Port ; Output Port ; RR     ; RF     ; FR     ; FF     ;
+------------+-------------+--------+--------+--------+--------+
; SW[0]      ; HEX6[0]     ; 14.635 ; 14.635 ; 14.635 ; 14.635 ;
; SW[0]      ; HEX6[1]     ; 14.796 ; 14.796 ; 14.796 ; 14.796 ;
; SW[0]      ; HEX6[2]     ; 14.671 ; 14.671 ; 14.671 ; 14.671 ;
; SW[0]      ; HEX6[3]     ; 14.672 ; 14.672 ; 14.672 ; 14.672 ;
; SW[0]      ; HEX6[4]     ; 14.974 ; 14.974 ; 14.974 ; 14.974 ;
; SW[0]      ; HEX6[5]     ; 14.675 ; 14.675 ; 14.675 ; 14.675 ;
; SW[0]      ; HEX6[6]     ; 14.727 ; 14.727 ; 14.727 ; 14.727 ;
; SW[0]      ; HEX7[0]     ; 11.767 ; 11.767 ; 11.767 ; 11.767 ;
; SW[0]      ; HEX7[3]     ; 11.275 ; 11.181 ; 11.181 ; 11.275 ;
; SW[0]      ; HEX7[4]     ; 11.280 ; 11.186 ; 11.186 ; 11.280 ;
; SW[0]      ; HEX7[5]     ; 11.275 ; 11.181 ; 11.181 ; 11.275 ;
; SW[0]      ; LEDR[0]     ; 8.849  ;        ;        ; 8.849  ;
; SW[1]      ; HEX6[0]     ; 14.462 ; 14.462 ; 14.462 ; 14.462 ;
; SW[1]      ; HEX6[1]     ; 14.623 ; 14.623 ; 14.623 ; 14.623 ;
; SW[1]      ; HEX6[2]     ; 14.498 ; 14.498 ; 14.498 ; 14.498 ;
; SW[1]      ; HEX6[3]     ; 14.499 ; 14.499 ; 14.499 ; 14.499 ;
; SW[1]      ; HEX6[4]     ; 14.801 ; 14.801 ; 14.801 ; 14.801 ;
; SW[1]      ; HEX6[5]     ; 14.502 ; 14.502 ; 14.502 ; 14.502 ;
; SW[1]      ; HEX6[6]     ; 14.554 ; 14.554 ; 14.554 ; 14.554 ;
; SW[1]      ; HEX7[0]     ; 11.594 ; 11.594 ; 11.594 ; 11.594 ;
; SW[1]      ; HEX7[3]     ; 11.102 ; 11.008 ; 11.008 ; 11.102 ;
; SW[1]      ; HEX7[4]     ; 11.107 ; 11.013 ; 11.013 ; 11.107 ;
; SW[1]      ; HEX7[5]     ; 11.102 ; 11.008 ; 11.008 ; 11.102 ;
; SW[1]      ; LEDG        ; 9.670  ;        ;        ; 9.670  ;
; SW[1]      ; LEDR[1]     ; 7.964  ;        ;        ; 7.964  ;
; SW[2]      ; HEX6[0]     ; 14.526 ; 14.526 ; 14.526 ; 14.526 ;
; SW[2]      ; HEX6[1]     ; 14.687 ; 14.687 ; 14.687 ; 14.687 ;
; SW[2]      ; HEX6[2]     ; 14.562 ; 14.562 ; 14.562 ; 14.562 ;
; SW[2]      ; HEX6[3]     ; 14.563 ; 14.563 ; 14.563 ; 14.563 ;
; SW[2]      ; HEX6[4]     ; 14.865 ; 14.865 ; 14.865 ; 14.865 ;
; SW[2]      ; HEX6[5]     ; 14.566 ; 14.566 ; 14.566 ; 14.566 ;
; SW[2]      ; HEX6[6]     ; 14.618 ; 14.618 ; 14.618 ; 14.618 ;
; SW[2]      ; HEX7[0]     ; 11.658 ; 11.658 ; 11.658 ; 11.658 ;
; SW[2]      ; HEX7[3]     ; 11.166 ; 11.072 ; 11.072 ; 11.166 ;
; SW[2]      ; HEX7[4]     ; 11.171 ; 11.077 ; 11.077 ; 11.171 ;
; SW[2]      ; HEX7[5]     ; 11.166 ; 11.072 ; 11.072 ; 11.166 ;
; SW[2]      ; LEDG        ; 10.115 ;        ;        ; 10.115 ;
; SW[2]      ; LEDR[2]     ; 8.949  ;        ;        ; 8.949  ;
; SW[3]      ; HEX6[0]     ; 10.925 ; 10.925 ; 10.925 ; 10.925 ;
; SW[3]      ; HEX6[1]     ; 11.086 ; 11.086 ; 11.086 ; 11.086 ;
; SW[3]      ; HEX6[2]     ; 10.961 ; 10.961 ; 10.961 ; 10.961 ;
; SW[3]      ; HEX6[3]     ; 10.962 ; 10.962 ; 10.962 ; 10.962 ;
; SW[3]      ; HEX6[4]     ; 11.264 ; 11.264 ; 11.264 ; 11.264 ;
; SW[3]      ; HEX6[5]     ; 10.965 ; 10.965 ; 10.965 ; 10.965 ;
; SW[3]      ; HEX6[6]     ; 11.017 ; 11.017 ; 11.017 ; 11.017 ;
; SW[3]      ; HEX7[0]     ; 8.057  ; 8.057  ; 8.057  ; 8.057  ;
; SW[3]      ; HEX7[3]     ; 7.565  ; 7.159  ; 7.159  ; 7.565  ;
; SW[3]      ; HEX7[4]     ; 7.570  ; 7.164  ; 7.164  ; 7.570  ;
; SW[3]      ; HEX7[5]     ; 7.565  ; 7.159  ; 7.159  ; 7.565  ;
; SW[3]      ; LEDG        ; 6.194  ;        ;        ; 6.194  ;
; SW[3]      ; LEDR[3]     ; 5.266  ;        ;        ; 5.266  ;
; SW[4]      ; HEX6[0]     ; 14.685 ; 14.685 ; 14.685 ; 14.685 ;
; SW[4]      ; HEX6[1]     ; 14.846 ; 14.846 ; 14.846 ; 14.846 ;
; SW[4]      ; HEX6[2]     ; 14.721 ; 14.721 ; 14.721 ; 14.721 ;
; SW[4]      ; HEX6[3]     ; 14.722 ; 14.722 ; 14.722 ; 14.722 ;
; SW[4]      ; HEX6[4]     ; 15.024 ; 15.024 ; 15.024 ; 15.024 ;
; SW[4]      ; HEX6[5]     ; 14.725 ; 14.725 ; 14.725 ; 14.725 ;
; SW[4]      ; HEX6[6]     ; 14.777 ; 14.777 ; 14.777 ; 14.777 ;
; SW[4]      ; HEX7[0]     ; 11.817 ; 11.817 ; 11.817 ; 11.817 ;
; SW[4]      ; HEX7[3]     ; 11.325 ; 11.231 ; 11.231 ; 11.325 ;
; SW[4]      ; HEX7[4]     ; 11.330 ; 11.236 ; 11.236 ; 11.330 ;
; SW[4]      ; HEX7[5]     ; 11.325 ; 11.231 ; 11.231 ; 11.325 ;
; SW[4]      ; LEDR[4]     ; 8.851  ;        ;        ; 8.851  ;
; SW[5]      ; HEX6[0]     ; 14.377 ; 14.377 ; 14.377 ; 14.377 ;
; SW[5]      ; HEX6[1]     ; 14.538 ; 14.538 ; 14.538 ; 14.538 ;
; SW[5]      ; HEX6[2]     ; 14.413 ; 14.413 ; 14.413 ; 14.413 ;
; SW[5]      ; HEX6[3]     ; 14.414 ; 14.414 ; 14.414 ; 14.414 ;
; SW[5]      ; HEX6[4]     ; 14.716 ; 14.716 ; 14.716 ; 14.716 ;
; SW[5]      ; HEX6[5]     ; 14.417 ; 14.417 ; 14.417 ; 14.417 ;
; SW[5]      ; HEX6[6]     ; 14.469 ; 14.469 ; 14.469 ; 14.469 ;
; SW[5]      ; HEX7[0]     ; 11.509 ; 11.509 ; 11.509 ; 11.509 ;
; SW[5]      ; HEX7[3]     ; 11.017 ; 10.923 ; 10.923 ; 11.017 ;
; SW[5]      ; HEX7[4]     ; 11.022 ; 10.928 ; 10.928 ; 11.022 ;
; SW[5]      ; HEX7[5]     ; 11.017 ; 10.923 ; 10.923 ; 11.017 ;
; SW[5]      ; LEDG        ; 9.912  ;        ;        ; 9.912  ;
; SW[5]      ; LEDR[5]     ; 8.937  ;        ;        ; 8.937  ;
; SW[6]      ; HEX6[0]     ; 14.350 ; 14.350 ; 14.350 ; 14.350 ;
; SW[6]      ; HEX6[1]     ; 14.511 ; 14.511 ; 14.511 ; 14.511 ;
; SW[6]      ; HEX6[2]     ; 14.386 ; 14.386 ; 14.386 ; 14.386 ;
; SW[6]      ; HEX6[3]     ; 14.387 ; 14.387 ; 14.387 ; 14.387 ;
; SW[6]      ; HEX6[4]     ; 14.689 ; 14.689 ; 14.689 ; 14.689 ;
; SW[6]      ; HEX6[5]     ; 14.390 ; 14.390 ; 14.390 ; 14.390 ;
; SW[6]      ; HEX6[6]     ; 14.442 ; 14.442 ; 14.442 ; 14.442 ;
; SW[6]      ; HEX7[0]     ; 11.482 ; 11.482 ; 11.482 ; 11.482 ;
; SW[6]      ; HEX7[3]     ; 10.990 ; 10.896 ; 10.896 ; 10.990 ;
; SW[6]      ; HEX7[4]     ; 10.995 ; 10.901 ; 10.901 ; 10.995 ;
; SW[6]      ; HEX7[5]     ; 10.990 ; 10.896 ; 10.896 ; 10.990 ;
; SW[6]      ; LEDG        ; 9.768  ;        ;        ; 9.768  ;
; SW[6]      ; LEDR[6]     ; 8.893  ;        ;        ; 8.893  ;
; SW[7]      ; HEX6[0]     ; 11.291 ; 11.291 ; 11.291 ; 11.291 ;
; SW[7]      ; HEX6[1]     ; 11.452 ; 11.452 ; 11.452 ; 11.452 ;
; SW[7]      ; HEX6[2]     ; 11.327 ; 11.327 ; 11.327 ; 11.327 ;
; SW[7]      ; HEX6[3]     ; 11.328 ; 11.328 ; 11.328 ; 11.328 ;
; SW[7]      ; HEX6[4]     ; 11.630 ; 11.630 ; 11.630 ; 11.630 ;
; SW[7]      ; HEX6[5]     ; 11.331 ; 11.331 ; 11.331 ; 11.331 ;
; SW[7]      ; HEX6[6]     ; 11.383 ; 11.383 ; 11.383 ; 11.383 ;
; SW[7]      ; HEX7[0]     ; 8.423  ; 8.423  ; 8.423  ; 8.423  ;
; SW[7]      ; HEX7[3]     ; 7.931  ; 7.522  ; 7.522  ; 7.931  ;
; SW[7]      ; HEX7[4]     ; 7.936  ; 7.527  ; 7.527  ; 7.936  ;
; SW[7]      ; HEX7[5]     ; 7.931  ; 7.522  ; 7.522  ; 7.931  ;
; SW[7]      ; LEDG        ; 6.153  ;        ;        ; 6.153  ;
; SW[7]      ; LEDR[7]     ; 5.487  ;        ;        ; 5.487  ;
; SW[8]      ; HEX6[0]     ; 14.702 ; 14.702 ; 14.702 ; 14.702 ;
; SW[8]      ; HEX6[1]     ; 14.863 ; 14.863 ; 14.863 ; 14.863 ;
; SW[8]      ; HEX6[2]     ; 14.738 ; 14.738 ; 14.738 ; 14.738 ;
; SW[8]      ; HEX6[3]     ; 14.739 ; 14.739 ; 14.739 ; 14.739 ;
; SW[8]      ; HEX6[4]     ; 15.041 ; 15.041 ; 15.041 ; 15.041 ;
; SW[8]      ; HEX6[5]     ; 14.742 ; 14.742 ; 14.742 ; 14.742 ;
; SW[8]      ; HEX6[6]     ; 14.794 ; 14.794 ; 14.794 ; 14.794 ;
; SW[8]      ; HEX7[0]     ; 11.834 ; 11.834 ; 11.834 ; 11.834 ;
; SW[8]      ; HEX7[3]     ; 11.342 ; 11.248 ; 11.248 ; 11.342 ;
; SW[8]      ; HEX7[4]     ; 11.347 ; 11.253 ; 11.253 ; 11.347 ;
; SW[8]      ; HEX7[5]     ; 11.342 ; 11.248 ; 11.248 ; 11.342 ;
; SW[8]      ; LEDR[8]     ; 8.826  ;        ;        ; 8.826  ;
+------------+-------------+--------+--------+--------+--------+


+--------------------------------------------------------------+
; Minimum Propagation Delay                                    ;
+------------+-------------+--------+--------+--------+--------+
; Input Port ; Output Port ; RR     ; RF     ; FR     ; FF     ;
+------------+-------------+--------+--------+--------+--------+
; SW[0]      ; HEX6[0]     ; 11.325 ; 11.325 ; 11.325 ; 11.325 ;
; SW[0]      ; HEX6[1]     ; 11.473 ; 11.473 ; 11.473 ; 11.473 ;
; SW[0]      ; HEX6[2]     ; 11.350 ; 11.350 ; 11.350 ; 11.350 ;
; SW[0]      ; HEX6[3]     ; 11.352 ; 11.352 ; 11.352 ; 11.352 ;
; SW[0]      ; HEX6[4]     ; 11.668 ; 11.668 ; 11.668 ; 11.668 ;
; SW[0]      ; HEX6[5]     ; 11.370 ; 11.370 ; 11.370 ; 11.370 ;
; SW[0]      ; HEX6[6]     ; 11.422 ; 11.422 ; 11.422 ; 11.422 ;
; SW[0]      ; HEX7[0]     ; 11.261 ; 11.261 ; 11.261 ; 11.261 ;
; SW[0]      ; HEX7[3]     ; 11.078 ; 11.078 ; 11.078 ; 11.078 ;
; SW[0]      ; HEX7[4]     ; 11.083 ; 11.083 ; 11.083 ; 11.083 ;
; SW[0]      ; HEX7[5]     ; 11.078 ; 11.078 ; 11.078 ; 11.078 ;
; SW[0]      ; LEDR[0]     ; 8.849  ;        ;        ; 8.849  ;
; SW[1]      ; HEX6[0]     ; 12.474 ; 12.474 ; 12.474 ; 12.474 ;
; SW[1]      ; HEX6[1]     ; 12.634 ; 12.634 ; 12.634 ; 12.634 ;
; SW[1]      ; HEX6[2]     ; 12.509 ; 12.509 ; 12.509 ; 12.509 ;
; SW[1]      ; HEX6[3]     ; 12.510 ; 12.510 ; 12.510 ; 12.510 ;
; SW[1]      ; HEX6[4]     ; 12.814 ; 12.814 ; 12.814 ; 12.814 ;
; SW[1]      ; HEX6[5]     ; 12.511 ; 12.511 ; 12.511 ; 12.511 ;
; SW[1]      ; HEX6[6]     ; 12.563 ; 12.563 ; 12.563 ; 12.563 ;
; SW[1]      ; HEX7[0]     ; 10.854 ; 10.854 ; 10.854 ; 10.854 ;
; SW[1]      ; HEX7[3]     ; 10.670 ; 10.670 ; 10.670 ; 10.670 ;
; SW[1]      ; HEX7[4]     ; 10.675 ; 10.675 ; 10.675 ; 10.675 ;
; SW[1]      ; HEX7[5]     ; 10.670 ; 10.670 ; 10.670 ; 10.670 ;
; SW[1]      ; LEDG        ; 9.670  ;        ;        ; 9.670  ;
; SW[1]      ; LEDR[1]     ; 7.964  ;        ;        ; 7.964  ;
; SW[2]      ; HEX6[0]     ; 12.477 ; 12.477 ; 12.477 ; 12.477 ;
; SW[2]      ; HEX6[1]     ; 12.638 ; 12.638 ; 12.638 ; 12.638 ;
; SW[2]      ; HEX6[2]     ; 12.513 ; 12.513 ; 12.513 ; 12.513 ;
; SW[2]      ; HEX6[3]     ; 12.514 ; 12.514 ; 12.514 ; 12.514 ;
; SW[2]      ; HEX6[4]     ; 12.816 ; 12.816 ; 12.816 ; 12.816 ;
; SW[2]      ; HEX6[5]     ; 12.514 ; 12.514 ; 12.514 ; 12.514 ;
; SW[2]      ; HEX6[6]     ; 12.566 ; 12.566 ; 12.566 ; 12.566 ;
; SW[2]      ; HEX7[0]     ; 10.836 ; 10.836 ; 10.836 ; 10.836 ;
; SW[2]      ; HEX7[3]     ; 10.653 ; 10.653 ; 10.653 ; 10.653 ;
; SW[2]      ; HEX7[4]     ; 10.658 ; 10.658 ; 10.658 ; 10.658 ;
; SW[2]      ; HEX7[5]     ; 10.653 ; 10.653 ; 10.653 ; 10.653 ;
; SW[2]      ; LEDG        ; 10.115 ;        ;        ; 10.115 ;
; SW[2]      ; LEDR[2]     ; 8.949  ;        ;        ; 8.949  ;
; SW[3]      ; HEX6[0]     ; 8.987  ; 8.987  ; 8.987  ; 8.987  ;
; SW[3]      ; HEX6[1]     ; 9.148  ; 9.148  ; 9.148  ; 9.148  ;
; SW[3]      ; HEX6[2]     ; 9.023  ; 9.023  ; 9.023  ; 9.023  ;
; SW[3]      ; HEX6[3]     ; 9.024  ; 9.024  ; 9.024  ; 9.024  ;
; SW[3]      ; HEX6[4]     ; 9.326  ; 9.326  ; 9.326  ; 9.326  ;
; SW[3]      ; HEX6[5]     ; 9.024  ; 9.024  ; 9.024  ; 9.024  ;
; SW[3]      ; HEX6[6]     ; 9.076  ; 9.076  ; 9.076  ; 9.076  ;
; SW[3]      ; HEX7[0]     ; 7.346  ; 7.346  ; 7.346  ; 7.346  ;
; SW[3]      ; HEX7[3]     ; 7.159  ; 7.159  ; 7.159  ; 7.159  ;
; SW[3]      ; HEX7[4]     ; 7.164  ; 7.164  ; 7.164  ; 7.164  ;
; SW[3]      ; HEX7[5]     ; 7.159  ; 7.159  ; 7.159  ; 7.159  ;
; SW[3]      ; LEDG        ; 6.194  ;        ;        ; 6.194  ;
; SW[3]      ; LEDR[3]     ; 5.266  ;        ;        ; 5.266  ;
; SW[4]      ; HEX6[0]     ; 11.376 ; 11.376 ; 11.376 ; 11.376 ;
; SW[4]      ; HEX6[1]     ; 11.524 ; 11.524 ; 11.524 ; 11.524 ;
; SW[4]      ; HEX6[2]     ; 11.401 ; 11.401 ; 11.401 ; 11.401 ;
; SW[4]      ; HEX6[3]     ; 11.403 ; 11.403 ; 11.403 ; 11.403 ;
; SW[4]      ; HEX6[4]     ; 11.719 ; 11.719 ; 11.719 ; 11.719 ;
; SW[4]      ; HEX6[5]     ; 11.421 ; 11.421 ; 11.421 ; 11.421 ;
; SW[4]      ; HEX6[6]     ; 11.473 ; 11.473 ; 11.473 ; 11.473 ;
; SW[4]      ; HEX7[0]     ; 11.311 ; 11.311 ; 11.311 ; 11.311 ;
; SW[4]      ; HEX7[3]     ; 11.128 ; 11.128 ; 11.128 ; 11.128 ;
; SW[4]      ; HEX7[4]     ; 11.133 ; 11.133 ; 11.133 ; 11.133 ;
; SW[4]      ; HEX7[5]     ; 11.128 ; 11.128 ; 11.128 ; 11.128 ;
; SW[4]      ; LEDR[4]     ; 8.851  ;        ;        ; 8.851  ;
; SW[5]      ; HEX6[0]     ; 12.392 ; 12.392 ; 12.392 ; 12.392 ;
; SW[5]      ; HEX6[1]     ; 12.552 ; 12.552 ; 12.552 ; 12.552 ;
; SW[5]      ; HEX6[2]     ; 12.427 ; 12.427 ; 12.427 ; 12.427 ;
; SW[5]      ; HEX6[3]     ; 12.428 ; 12.428 ; 12.428 ; 12.428 ;
; SW[5]      ; HEX6[4]     ; 12.732 ; 12.732 ; 12.732 ; 12.732 ;
; SW[5]      ; HEX6[5]     ; 12.429 ; 12.429 ; 12.429 ; 12.429 ;
; SW[5]      ; HEX6[6]     ; 12.481 ; 12.481 ; 12.481 ; 12.481 ;
; SW[5]      ; HEX7[0]     ; 10.772 ; 10.772 ; 10.772 ; 10.772 ;
; SW[5]      ; HEX7[3]     ; 10.588 ; 10.588 ; 10.588 ; 10.588 ;
; SW[5]      ; HEX7[4]     ; 10.593 ; 10.593 ; 10.593 ; 10.593 ;
; SW[5]      ; HEX7[5]     ; 10.588 ; 10.588 ; 10.588 ; 10.588 ;
; SW[5]      ; LEDG        ; 9.912  ;        ;        ; 9.912  ;
; SW[5]      ; LEDR[5]     ; 8.937  ;        ;        ; 8.937  ;
; SW[6]      ; HEX6[0]     ; 12.302 ; 12.302 ; 12.302 ; 12.302 ;
; SW[6]      ; HEX6[1]     ; 12.463 ; 12.463 ; 12.463 ; 12.463 ;
; SW[6]      ; HEX6[2]     ; 12.338 ; 12.338 ; 12.338 ; 12.338 ;
; SW[6]      ; HEX6[3]     ; 12.339 ; 12.339 ; 12.339 ; 12.339 ;
; SW[6]      ; HEX6[4]     ; 12.641 ; 12.641 ; 12.641 ; 12.641 ;
; SW[6]      ; HEX6[5]     ; 12.339 ; 12.339 ; 12.339 ; 12.339 ;
; SW[6]      ; HEX6[6]     ; 12.391 ; 12.391 ; 12.391 ; 12.391 ;
; SW[6]      ; HEX7[0]     ; 10.661 ; 10.661 ; 10.661 ; 10.661 ;
; SW[6]      ; HEX7[3]     ; 10.478 ; 10.478 ; 10.478 ; 10.478 ;
; SW[6]      ; HEX7[4]     ; 10.483 ; 10.483 ; 10.483 ; 10.483 ;
; SW[6]      ; HEX7[5]     ; 10.478 ; 10.478 ; 10.478 ; 10.478 ;
; SW[6]      ; LEDG        ; 9.768  ;        ;        ; 9.768  ;
; SW[6]      ; LEDR[6]     ; 8.893  ;        ;        ; 8.893  ;
; SW[7]      ; HEX6[0]     ; 9.350  ; 9.350  ; 9.350  ; 9.350  ;
; SW[7]      ; HEX6[1]     ; 9.511  ; 9.511  ; 9.511  ; 9.511  ;
; SW[7]      ; HEX6[2]     ; 9.386  ; 9.386  ; 9.386  ; 9.386  ;
; SW[7]      ; HEX6[3]     ; 9.387  ; 9.387  ; 9.387  ; 9.387  ;
; SW[7]      ; HEX6[4]     ; 9.689  ; 9.689  ; 9.689  ; 9.689  ;
; SW[7]      ; HEX6[5]     ; 9.387  ; 9.387  ; 9.387  ; 9.387  ;
; SW[7]      ; HEX6[6]     ; 9.439  ; 9.439  ; 9.439  ; 9.439  ;
; SW[7]      ; HEX7[0]     ; 7.709  ; 7.709  ; 7.709  ; 7.709  ;
; SW[7]      ; HEX7[3]     ; 7.522  ; 7.522  ; 7.522  ; 7.522  ;
; SW[7]      ; HEX7[4]     ; 7.527  ; 7.527  ; 7.527  ; 7.527  ;
; SW[7]      ; HEX7[5]     ; 7.522  ; 7.522  ; 7.522  ; 7.522  ;
; SW[7]      ; LEDG        ; 6.153  ;        ;        ; 6.153  ;
; SW[7]      ; LEDR[7]     ; 5.487  ;        ;        ; 5.487  ;
; SW[8]      ; HEX6[0]     ; 11.708 ; 11.708 ; 11.708 ; 11.708 ;
; SW[8]      ; HEX6[1]     ; 11.856 ; 11.856 ; 11.856 ; 11.856 ;
; SW[8]      ; HEX6[2]     ; 11.733 ; 11.733 ; 11.733 ; 11.733 ;
; SW[8]      ; HEX6[3]     ; 11.735 ; 11.735 ; 11.735 ; 11.735 ;
; SW[8]      ; HEX6[4]     ; 12.051 ; 12.051 ; 12.051 ; 12.051 ;
; SW[8]      ; HEX6[5]     ; 11.753 ; 11.753 ; 11.753 ; 11.753 ;
; SW[8]      ; HEX6[6]     ; 11.805 ; 11.805 ; 11.805 ; 11.805 ;
; SW[8]      ; HEX7[0]     ; 11.328 ; 11.328 ; 11.328 ; 11.328 ;
; SW[8]      ; HEX7[3]     ; 11.145 ; 11.145 ; 11.145 ; 11.145 ;
; SW[8]      ; HEX7[4]     ; 11.150 ; 11.150 ; 11.150 ; 11.150 ;
; SW[8]      ; HEX7[5]     ; 11.145 ; 11.145 ; 11.145 ; 11.145 ;
; SW[8]      ; LEDR[8]     ; 8.826  ;        ;        ; 8.826  ;
+------------+-------------+--------+--------+--------+--------+


----------------------------
; Fast Model Setup Summary ;
----------------------------
No paths to report.


---------------------------
; Fast Model Hold Summary ;
---------------------------
No paths to report.


-------------------------------
; Fast Model Recovery Summary ;
-------------------------------
No paths to report.


------------------------------
; Fast Model Removal Summary ;
------------------------------
No paths to report.


------------------------------------------
; Fast Model Minimum Pulse Width Summary ;
------------------------------------------
No paths to report.


+----------------------------------------------------------+
; Propagation Delay                                        ;
+------------+-------------+-------+-------+-------+-------+
; Input Port ; Output Port ; RR    ; RF    ; FR    ; FF    ;
+------------+-------------+-------+-------+-------+-------+
; SW[0]      ; HEX6[0]     ; 7.477 ; 7.477 ; 7.477 ; 7.477 ;
; SW[0]      ; HEX6[1]     ; 7.534 ; 7.534 ; 7.534 ; 7.534 ;
; SW[0]      ; HEX6[2]     ; 7.502 ; 7.502 ; 7.502 ; 7.502 ;
; SW[0]      ; HEX6[3]     ; 7.495 ; 7.495 ; 7.495 ; 7.495 ;
; SW[0]      ; HEX6[4]     ; 7.636 ; 7.636 ; 7.636 ; 7.636 ;
; SW[0]      ; HEX6[5]     ; 7.500 ; 7.500 ; 7.500 ; 7.500 ;
; SW[0]      ; HEX6[6]     ; 7.551 ; 7.551 ; 7.551 ; 7.551 ;
; SW[0]      ; HEX7[0]     ; 6.282 ; 6.282 ; 6.282 ; 6.282 ;
; SW[0]      ; HEX7[3]     ; 6.068 ; 6.018 ; 6.018 ; 6.068 ;
; SW[0]      ; HEX7[4]     ; 6.073 ; 6.023 ; 6.023 ; 6.073 ;
; SW[0]      ; HEX7[5]     ; 6.068 ; 6.018 ; 6.018 ; 6.068 ;
; SW[0]      ; LEDR[0]     ; 5.046 ;       ;       ; 5.046 ;
; SW[1]      ; HEX6[0]     ; 7.412 ; 7.412 ; 7.412 ; 7.412 ;
; SW[1]      ; HEX6[1]     ; 7.469 ; 7.469 ; 7.469 ; 7.469 ;
; SW[1]      ; HEX6[2]     ; 7.437 ; 7.437 ; 7.437 ; 7.437 ;
; SW[1]      ; HEX6[3]     ; 7.430 ; 7.430 ; 7.430 ; 7.430 ;
; SW[1]      ; HEX6[4]     ; 7.571 ; 7.571 ; 7.571 ; 7.571 ;
; SW[1]      ; HEX6[5]     ; 7.435 ; 7.435 ; 7.435 ; 7.435 ;
; SW[1]      ; HEX6[6]     ; 7.486 ; 7.486 ; 7.486 ; 7.486 ;
; SW[1]      ; HEX7[0]     ; 6.217 ; 6.217 ; 6.217 ; 6.217 ;
; SW[1]      ; HEX7[3]     ; 6.003 ; 5.953 ; 5.953 ; 6.003 ;
; SW[1]      ; HEX7[4]     ; 6.008 ; 5.958 ; 5.958 ; 6.008 ;
; SW[1]      ; HEX7[5]     ; 6.003 ; 5.953 ; 5.953 ; 6.003 ;
; SW[1]      ; LEDG        ; 5.394 ;       ;       ; 5.394 ;
; SW[1]      ; LEDR[1]     ; 4.609 ;       ;       ; 4.609 ;
; SW[2]      ; HEX6[0]     ; 7.433 ; 7.433 ; 7.433 ; 7.433 ;
; SW[2]      ; HEX6[1]     ; 7.490 ; 7.490 ; 7.490 ; 7.490 ;
; SW[2]      ; HEX6[2]     ; 7.458 ; 7.458 ; 7.458 ; 7.458 ;
; SW[2]      ; HEX6[3]     ; 7.451 ; 7.451 ; 7.451 ; 7.451 ;
; SW[2]      ; HEX6[4]     ; 7.592 ; 7.592 ; 7.592 ; 7.592 ;
; SW[2]      ; HEX6[5]     ; 7.456 ; 7.456 ; 7.456 ; 7.456 ;
; SW[2]      ; HEX6[6]     ; 7.507 ; 7.507 ; 7.507 ; 7.507 ;
; SW[2]      ; HEX7[0]     ; 6.238 ; 6.238 ; 6.238 ; 6.238 ;
; SW[2]      ; HEX7[3]     ; 6.024 ; 5.974 ; 5.974 ; 6.024 ;
; SW[2]      ; HEX7[4]     ; 6.029 ; 5.979 ; 5.979 ; 6.029 ;
; SW[2]      ; HEX7[5]     ; 6.024 ; 5.974 ; 5.974 ; 6.024 ;
; SW[2]      ; LEDG        ; 5.585 ;       ;       ; 5.585 ;
; SW[2]      ; LEDR[2]     ; 5.120 ;       ;       ; 5.120 ;
; SW[3]      ; HEX6[0]     ; 5.201 ; 5.201 ; 5.201 ; 5.201 ;
; SW[3]      ; HEX6[1]     ; 5.258 ; 5.258 ; 5.258 ; 5.258 ;
; SW[3]      ; HEX6[2]     ; 5.226 ; 5.226 ; 5.226 ; 5.226 ;
; SW[3]      ; HEX6[3]     ; 5.219 ; 5.219 ; 5.219 ; 5.219 ;
; SW[3]      ; HEX6[4]     ; 5.360 ; 5.360 ; 5.360 ; 5.360 ;
; SW[3]      ; HEX6[5]     ; 5.224 ; 5.224 ; 5.224 ; 5.224 ;
; SW[3]      ; HEX6[6]     ; 5.275 ; 5.275 ; 5.275 ; 5.275 ;
; SW[3]      ; HEX7[0]     ; 4.006 ; 4.006 ; 4.006 ; 4.006 ;
; SW[3]      ; HEX7[3]     ; 3.792 ; 3.639 ; 3.639 ; 3.792 ;
; SW[3]      ; HEX7[4]     ; 3.797 ; 3.644 ; 3.644 ; 3.797 ;
; SW[3]      ; HEX7[5]     ; 3.792 ; 3.639 ; 3.639 ; 3.792 ;
; SW[3]      ; LEDG        ; 3.224 ;       ;       ; 3.224 ;
; SW[3]      ; LEDR[3]     ; 2.801 ;       ;       ; 2.801 ;
; SW[4]      ; HEX6[0]     ; 7.503 ; 7.503 ; 7.503 ; 7.503 ;
; SW[4]      ; HEX6[1]     ; 7.560 ; 7.560 ; 7.560 ; 7.560 ;
; SW[4]      ; HEX6[2]     ; 7.528 ; 7.528 ; 7.528 ; 7.528 ;
; SW[4]      ; HEX6[3]     ; 7.521 ; 7.521 ; 7.521 ; 7.521 ;
; SW[4]      ; HEX6[4]     ; 7.662 ; 7.662 ; 7.662 ; 7.662 ;
; SW[4]      ; HEX6[5]     ; 7.526 ; 7.526 ; 7.526 ; 7.526 ;
; SW[4]      ; HEX6[6]     ; 7.577 ; 7.577 ; 7.577 ; 7.577 ;
; SW[4]      ; HEX7[0]     ; 6.308 ; 6.308 ; 6.308 ; 6.308 ;
; SW[4]      ; HEX7[3]     ; 6.094 ; 6.044 ; 6.044 ; 6.094 ;
; SW[4]      ; HEX7[4]     ; 6.099 ; 6.049 ; 6.049 ; 6.099 ;
; SW[4]      ; HEX7[5]     ; 6.094 ; 6.044 ; 6.044 ; 6.094 ;
; SW[4]      ; LEDR[4]     ; 5.047 ;       ;       ; 5.047 ;
; SW[5]      ; HEX6[0]     ; 7.368 ; 7.368 ; 7.368 ; 7.368 ;
; SW[5]      ; HEX6[1]     ; 7.425 ; 7.425 ; 7.425 ; 7.425 ;
; SW[5]      ; HEX6[2]     ; 7.393 ; 7.393 ; 7.393 ; 7.393 ;
; SW[5]      ; HEX6[3]     ; 7.386 ; 7.386 ; 7.386 ; 7.386 ;
; SW[5]      ; HEX6[4]     ; 7.527 ; 7.527 ; 7.527 ; 7.527 ;
; SW[5]      ; HEX6[5]     ; 7.391 ; 7.391 ; 7.391 ; 7.391 ;
; SW[5]      ; HEX6[6]     ; 7.442 ; 7.442 ; 7.442 ; 7.442 ;
; SW[5]      ; HEX7[0]     ; 6.173 ; 6.173 ; 6.173 ; 6.173 ;
; SW[5]      ; HEX7[3]     ; 5.959 ; 5.909 ; 5.909 ; 5.959 ;
; SW[5]      ; HEX7[4]     ; 5.964 ; 5.914 ; 5.914 ; 5.964 ;
; SW[5]      ; HEX7[5]     ; 5.959 ; 5.909 ; 5.909 ; 5.959 ;
; SW[5]      ; LEDG        ; 5.484 ;       ;       ; 5.484 ;
; SW[5]      ; LEDR[5]     ; 5.103 ;       ;       ; 5.103 ;
; SW[6]      ; HEX6[0]     ; 7.349 ; 7.349 ; 7.349 ; 7.349 ;
; SW[6]      ; HEX6[1]     ; 7.406 ; 7.406 ; 7.406 ; 7.406 ;
; SW[6]      ; HEX6[2]     ; 7.374 ; 7.374 ; 7.374 ; 7.374 ;
; SW[6]      ; HEX6[3]     ; 7.367 ; 7.367 ; 7.367 ; 7.367 ;
; SW[6]      ; HEX6[4]     ; 7.508 ; 7.508 ; 7.508 ; 7.508 ;
; SW[6]      ; HEX6[5]     ; 7.372 ; 7.372 ; 7.372 ; 7.372 ;
; SW[6]      ; HEX6[6]     ; 7.423 ; 7.423 ; 7.423 ; 7.423 ;
; SW[6]      ; HEX7[0]     ; 6.154 ; 6.154 ; 6.154 ; 6.154 ;
; SW[6]      ; HEX7[3]     ; 5.940 ; 5.890 ; 5.890 ; 5.940 ;
; SW[6]      ; HEX7[4]     ; 5.945 ; 5.895 ; 5.895 ; 5.945 ;
; SW[6]      ; HEX7[5]     ; 5.940 ; 5.890 ; 5.890 ; 5.940 ;
; SW[6]      ; LEDG        ; 5.423 ;       ;       ; 5.423 ;
; SW[6]      ; LEDR[6]     ; 5.077 ;       ;       ; 5.077 ;
; SW[7]      ; HEX6[0]     ; 5.383 ; 5.383 ; 5.383 ; 5.383 ;
; SW[7]      ; HEX6[1]     ; 5.440 ; 5.440 ; 5.440 ; 5.440 ;
; SW[7]      ; HEX6[2]     ; 5.408 ; 5.408 ; 5.408 ; 5.408 ;
; SW[7]      ; HEX6[3]     ; 5.401 ; 5.401 ; 5.401 ; 5.401 ;
; SW[7]      ; HEX6[4]     ; 5.542 ; 5.542 ; 5.542 ; 5.542 ;
; SW[7]      ; HEX6[5]     ; 5.406 ; 5.406 ; 5.406 ; 5.406 ;
; SW[7]      ; HEX6[6]     ; 5.457 ; 5.457 ; 5.457 ; 5.457 ;
; SW[7]      ; HEX7[0]     ; 4.188 ; 4.188 ; 4.188 ; 4.188 ;
; SW[7]      ; HEX7[3]     ; 3.974 ; 3.819 ; 3.819 ; 3.974 ;
; SW[7]      ; HEX7[4]     ; 3.979 ; 3.824 ; 3.824 ; 3.979 ;
; SW[7]      ; HEX7[5]     ; 3.974 ; 3.819 ; 3.819 ; 3.974 ;
; SW[7]      ; LEDG        ; 3.223 ;       ;       ; 3.223 ;
; SW[7]      ; LEDR[7]     ; 2.956 ;       ;       ; 2.956 ;
; SW[8]      ; HEX6[0]     ; 7.512 ; 7.512 ; 7.512 ; 7.512 ;
; SW[8]      ; HEX6[1]     ; 7.569 ; 7.569 ; 7.569 ; 7.569 ;
; SW[8]      ; HEX6[2]     ; 7.537 ; 7.537 ; 7.537 ; 7.537 ;
; SW[8]      ; HEX6[3]     ; 7.530 ; 7.530 ; 7.530 ; 7.530 ;
; SW[8]      ; HEX6[4]     ; 7.671 ; 7.671 ; 7.671 ; 7.671 ;
; SW[8]      ; HEX6[5]     ; 7.535 ; 7.535 ; 7.535 ; 7.535 ;
; SW[8]      ; HEX6[6]     ; 7.586 ; 7.586 ; 7.586 ; 7.586 ;
; SW[8]      ; HEX7[0]     ; 6.317 ; 6.317 ; 6.317 ; 6.317 ;
; SW[8]      ; HEX7[3]     ; 6.103 ; 6.053 ; 6.053 ; 6.103 ;
; SW[8]      ; HEX7[4]     ; 6.108 ; 6.058 ; 6.058 ; 6.108 ;
; SW[8]      ; HEX7[5]     ; 6.103 ; 6.053 ; 6.053 ; 6.103 ;
; SW[8]      ; LEDR[8]     ; 5.026 ;       ;       ; 5.026 ;
+------------+-------------+-------+-------+-------+-------+


+----------------------------------------------------------+
; Minimum Propagation Delay                                ;
+------------+-------------+-------+-------+-------+-------+
; Input Port ; Output Port ; RR    ; RF    ; FR    ; FF    ;
+------------+-------------+-------+-------+-------+-------+
; SW[0]      ; HEX6[0]     ; 6.085 ; 6.085 ; 6.085 ; 6.085 ;
; SW[0]      ; HEX6[1]     ; 6.132 ; 6.132 ; 6.132 ; 6.132 ;
; SW[0]      ; HEX6[2]     ; 6.097 ; 6.097 ; 6.097 ; 6.097 ;
; SW[0]      ; HEX6[3]     ; 6.095 ; 6.095 ; 6.095 ; 6.095 ;
; SW[0]      ; HEX6[4]     ; 6.249 ; 6.249 ; 6.249 ; 6.249 ;
; SW[0]      ; HEX6[5]     ; 6.115 ; 6.115 ; 6.115 ; 6.115 ;
; SW[0]      ; HEX6[6]     ; 6.163 ; 6.163 ; 6.163 ; 6.163 ;
; SW[0]      ; HEX7[0]     ; 6.052 ; 6.052 ; 6.052 ; 6.052 ;
; SW[0]      ; HEX7[3]     ; 5.972 ; 5.972 ; 5.972 ; 5.972 ;
; SW[0]      ; HEX7[4]     ; 5.977 ; 5.977 ; 5.977 ; 5.977 ;
; SW[0]      ; HEX7[5]     ; 5.972 ; 5.972 ; 5.972 ; 5.972 ;
; SW[0]      ; LEDR[0]     ; 5.046 ;       ;       ; 5.046 ;
; SW[1]      ; HEX6[0]     ; 6.585 ; 6.585 ; 6.585 ; 6.585 ;
; SW[1]      ; HEX6[1]     ; 6.642 ; 6.642 ; 6.642 ; 6.642 ;
; SW[1]      ; HEX6[2]     ; 6.602 ; 6.602 ; 6.602 ; 6.602 ;
; SW[1]      ; HEX6[3]     ; 6.602 ; 6.602 ; 6.602 ; 6.602 ;
; SW[1]      ; HEX6[4]     ; 6.745 ; 6.745 ; 6.745 ; 6.745 ;
; SW[1]      ; HEX6[5]     ; 6.605 ; 6.605 ; 6.605 ; 6.605 ;
; SW[1]      ; HEX6[6]     ; 6.656 ; 6.656 ; 6.656 ; 6.656 ;
; SW[1]      ; HEX7[0]     ; 5.917 ; 5.917 ; 5.917 ; 5.917 ;
; SW[1]      ; HEX7[3]     ; 5.838 ; 5.838 ; 5.838 ; 5.838 ;
; SW[1]      ; HEX7[4]     ; 5.843 ; 5.843 ; 5.843 ; 5.843 ;
; SW[1]      ; HEX7[5]     ; 5.838 ; 5.838 ; 5.838 ; 5.838 ;
; SW[1]      ; LEDG        ; 5.394 ;       ;       ; 5.394 ;
; SW[1]      ; LEDR[1]     ; 4.609 ;       ;       ; 4.609 ;
; SW[2]      ; HEX6[0]     ; 6.603 ; 6.603 ; 6.603 ; 6.603 ;
; SW[2]      ; HEX6[1]     ; 6.661 ; 6.661 ; 6.661 ; 6.661 ;
; SW[2]      ; HEX6[2]     ; 6.622 ; 6.622 ; 6.622 ; 6.622 ;
; SW[2]      ; HEX6[3]     ; 6.622 ; 6.622 ; 6.622 ; 6.622 ;
; SW[2]      ; HEX6[4]     ; 6.763 ; 6.763 ; 6.763 ; 6.763 ;
; SW[2]      ; HEX6[5]     ; 6.624 ; 6.624 ; 6.624 ; 6.624 ;
; SW[2]      ; HEX6[6]     ; 6.675 ; 6.675 ; 6.675 ; 6.675 ;
; SW[2]      ; HEX7[0]     ; 5.905 ; 5.905 ; 5.905 ; 5.905 ;
; SW[2]      ; HEX7[3]     ; 5.825 ; 5.825 ; 5.825 ; 5.825 ;
; SW[2]      ; HEX7[4]     ; 5.830 ; 5.830 ; 5.830 ; 5.830 ;
; SW[2]      ; HEX7[5]     ; 5.825 ; 5.825 ; 5.825 ; 5.825 ;
; SW[2]      ; LEDG        ; 5.585 ;       ;       ; 5.585 ;
; SW[2]      ; LEDR[2]     ; 5.120 ;       ;       ; 5.120 ;
; SW[3]      ; HEX6[0]     ; 4.412 ; 4.412 ; 4.412 ; 4.412 ;
; SW[3]      ; HEX6[1]     ; 4.470 ; 4.470 ; 4.470 ; 4.470 ;
; SW[3]      ; HEX6[2]     ; 4.431 ; 4.431 ; 4.431 ; 4.431 ;
; SW[3]      ; HEX6[3]     ; 4.431 ; 4.431 ; 4.431 ; 4.431 ;
; SW[3]      ; HEX6[4]     ; 4.572 ; 4.572 ; 4.572 ; 4.572 ;
; SW[3]      ; HEX6[5]     ; 4.433 ; 4.433 ; 4.433 ; 4.433 ;
; SW[3]      ; HEX6[6]     ; 4.484 ; 4.484 ; 4.484 ; 4.484 ;
; SW[3]      ; HEX7[0]     ; 3.719 ; 3.719 ; 3.719 ; 3.719 ;
; SW[3]      ; HEX7[3]     ; 3.639 ; 3.639 ; 3.639 ; 3.639 ;
; SW[3]      ; HEX7[4]     ; 3.644 ; 3.644 ; 3.644 ; 3.644 ;
; SW[3]      ; HEX7[5]     ; 3.639 ; 3.639 ; 3.639 ; 3.639 ;
; SW[3]      ; LEDG        ; 3.224 ;       ;       ; 3.224 ;
; SW[3]      ; LEDR[3]     ; 2.801 ;       ;       ; 2.801 ;
; SW[4]      ; HEX6[0]     ; 6.109 ; 6.109 ; 6.109 ; 6.109 ;
; SW[4]      ; HEX6[1]     ; 6.156 ; 6.156 ; 6.156 ; 6.156 ;
; SW[4]      ; HEX6[2]     ; 6.121 ; 6.121 ; 6.121 ; 6.121 ;
; SW[4]      ; HEX6[3]     ; 6.119 ; 6.119 ; 6.119 ; 6.119 ;
; SW[4]      ; HEX6[4]     ; 6.273 ; 6.273 ; 6.273 ; 6.273 ;
; SW[4]      ; HEX6[5]     ; 6.139 ; 6.139 ; 6.139 ; 6.139 ;
; SW[4]      ; HEX6[6]     ; 6.187 ; 6.187 ; 6.187 ; 6.187 ;
; SW[4]      ; HEX7[0]     ; 6.078 ; 6.078 ; 6.078 ; 6.078 ;
; SW[4]      ; HEX7[3]     ; 5.998 ; 5.998 ; 5.998 ; 5.998 ;
; SW[4]      ; HEX7[4]     ; 6.003 ; 6.003 ; 6.003 ; 6.003 ;
; SW[4]      ; HEX7[5]     ; 5.998 ; 5.998 ; 5.998 ; 5.998 ;
; SW[4]      ; LEDR[4]     ; 5.047 ;       ;       ; 5.047 ;
; SW[5]      ; HEX6[0]     ; 6.543 ; 6.543 ; 6.543 ; 6.543 ;
; SW[5]      ; HEX6[1]     ; 6.600 ; 6.600 ; 6.600 ; 6.600 ;
; SW[5]      ; HEX6[2]     ; 6.560 ; 6.560 ; 6.560 ; 6.560 ;
; SW[5]      ; HEX6[3]     ; 6.560 ; 6.560 ; 6.560 ; 6.560 ;
; SW[5]      ; HEX6[4]     ; 6.703 ; 6.703 ; 6.703 ; 6.703 ;
; SW[5]      ; HEX6[5]     ; 6.563 ; 6.563 ; 6.563 ; 6.563 ;
; SW[5]      ; HEX6[6]     ; 6.614 ; 6.614 ; 6.614 ; 6.614 ;
; SW[5]      ; HEX7[0]     ; 5.875 ; 5.875 ; 5.875 ; 5.875 ;
; SW[5]      ; HEX7[3]     ; 5.796 ; 5.796 ; 5.796 ; 5.796 ;
; SW[5]      ; HEX7[4]     ; 5.801 ; 5.801 ; 5.801 ; 5.801 ;
; SW[5]      ; HEX7[5]     ; 5.796 ; 5.796 ; 5.796 ; 5.796 ;
; SW[5]      ; LEDG        ; 5.484 ;       ;       ; 5.484 ;
; SW[5]      ; LEDR[5]     ; 5.103 ;       ;       ; 5.103 ;
; SW[6]      ; HEX6[0]     ; 6.517 ; 6.517 ; 6.517 ; 6.517 ;
; SW[6]      ; HEX6[1]     ; 6.575 ; 6.575 ; 6.575 ; 6.575 ;
; SW[6]      ; HEX6[2]     ; 6.536 ; 6.536 ; 6.536 ; 6.536 ;
; SW[6]      ; HEX6[3]     ; 6.536 ; 6.536 ; 6.536 ; 6.536 ;
; SW[6]      ; HEX6[4]     ; 6.677 ; 6.677 ; 6.677 ; 6.677 ;
; SW[6]      ; HEX6[5]     ; 6.538 ; 6.538 ; 6.538 ; 6.538 ;
; SW[6]      ; HEX6[6]     ; 6.589 ; 6.589 ; 6.589 ; 6.589 ;
; SW[6]      ; HEX7[0]     ; 5.819 ; 5.819 ; 5.819 ; 5.819 ;
; SW[6]      ; HEX7[3]     ; 5.739 ; 5.739 ; 5.739 ; 5.739 ;
; SW[6]      ; HEX7[4]     ; 5.744 ; 5.744 ; 5.744 ; 5.744 ;
; SW[6]      ; HEX7[5]     ; 5.739 ; 5.739 ; 5.739 ; 5.739 ;
; SW[6]      ; LEDG        ; 5.423 ;       ;       ; 5.423 ;
; SW[6]      ; LEDR[6]     ; 5.077 ;       ;       ; 5.077 ;
; SW[7]      ; HEX6[0]     ; 4.592 ; 4.592 ; 4.592 ; 4.592 ;
; SW[7]      ; HEX6[1]     ; 4.650 ; 4.650 ; 4.650 ; 4.650 ;
; SW[7]      ; HEX6[2]     ; 4.611 ; 4.611 ; 4.611 ; 4.611 ;
; SW[7]      ; HEX6[3]     ; 4.611 ; 4.611 ; 4.611 ; 4.611 ;
; SW[7]      ; HEX6[4]     ; 4.752 ; 4.752 ; 4.752 ; 4.752 ;
; SW[7]      ; HEX6[5]     ; 4.613 ; 4.613 ; 4.613 ; 4.613 ;
; SW[7]      ; HEX6[6]     ; 4.664 ; 4.664 ; 4.664 ; 4.664 ;
; SW[7]      ; HEX7[0]     ; 3.899 ; 3.899 ; 3.899 ; 3.899 ;
; SW[7]      ; HEX7[3]     ; 3.819 ; 3.819 ; 3.819 ; 3.819 ;
; SW[7]      ; HEX7[4]     ; 3.824 ; 3.824 ; 3.824 ; 3.824 ;
; SW[7]      ; HEX7[5]     ; 3.819 ; 3.819 ; 3.819 ; 3.819 ;
; SW[7]      ; LEDG        ; 3.223 ;       ;       ; 3.223 ;
; SW[7]      ; LEDR[7]     ; 2.956 ;       ;       ; 2.956 ;
; SW[8]      ; HEX6[0]     ; 6.223 ; 6.223 ; 6.223 ; 6.223 ;
; SW[8]      ; HEX6[1]     ; 6.270 ; 6.270 ; 6.270 ; 6.270 ;
; SW[8]      ; HEX6[2]     ; 6.235 ; 6.235 ; 6.235 ; 6.235 ;
; SW[8]      ; HEX6[3]     ; 6.233 ; 6.233 ; 6.233 ; 6.233 ;
; SW[8]      ; HEX6[4]     ; 6.387 ; 6.387 ; 6.387 ; 6.387 ;
; SW[8]      ; HEX6[5]     ; 6.253 ; 6.253 ; 6.253 ; 6.253 ;
; SW[8]      ; HEX6[6]     ; 6.301 ; 6.301 ; 6.301 ; 6.301 ;
; SW[8]      ; HEX7[0]     ; 6.087 ; 6.087 ; 6.087 ; 6.087 ;
; SW[8]      ; HEX7[3]     ; 6.007 ; 6.007 ; 6.007 ; 6.007 ;
; SW[8]      ; HEX7[4]     ; 6.012 ; 6.012 ; 6.012 ; 6.012 ;
; SW[8]      ; HEX7[5]     ; 6.007 ; 6.007 ; 6.007 ; 6.007 ;
; SW[8]      ; LEDR[8]     ; 5.026 ;       ;       ; 5.026 ;
+------------+-------------+-------+-------+-------+-------+


+----------------------------------------------------------------------------+
; Multicorner Timing Analysis Summary                                        ;
+------------------+-------+------+----------+---------+---------------------+
; Clock            ; Setup ; Hold ; Recovery ; Removal ; Minimum Pulse Width ;
+------------------+-------+------+----------+---------+---------------------+
; Worst-case Slack ; N/A   ; N/A  ; N/A      ; N/A     ; N/A                 ;
; Design-wide TNS  ; 0.0   ; 0.0  ; 0.0      ; 0.0     ; 0.0                 ;
+------------------+-------+------+----------+---------+---------------------+


+--------------------------------------------------------------+
; Progagation Delay                                            ;
+------------+-------------+--------+--------+--------+--------+
; Input Port ; Output Port ; RR     ; RF     ; FR     ; FF     ;
+------------+-------------+--------+--------+--------+--------+
; SW[0]      ; HEX6[0]     ; 14.635 ; 14.635 ; 14.635 ; 14.635 ;
; SW[0]      ; HEX6[1]     ; 14.796 ; 14.796 ; 14.796 ; 14.796 ;
; SW[0]      ; HEX6[2]     ; 14.671 ; 14.671 ; 14.671 ; 14.671 ;
; SW[0]      ; HEX6[3]     ; 14.672 ; 14.672 ; 14.672 ; 14.672 ;
; SW[0]      ; HEX6[4]     ; 14.974 ; 14.974 ; 14.974 ; 14.974 ;
; SW[0]      ; HEX6[5]     ; 14.675 ; 14.675 ; 14.675 ; 14.675 ;
; SW[0]      ; HEX6[6]     ; 14.727 ; 14.727 ; 14.727 ; 14.727 ;
; SW[0]      ; HEX7[0]     ; 11.767 ; 11.767 ; 11.767 ; 11.767 ;
; SW[0]      ; HEX7[3]     ; 11.275 ; 11.181 ; 11.181 ; 11.275 ;
; SW[0]      ; HEX7[4]     ; 11.280 ; 11.186 ; 11.186 ; 11.280 ;
; SW[0]      ; HEX7[5]     ; 11.275 ; 11.181 ; 11.181 ; 11.275 ;
; SW[0]      ; LEDR[0]     ; 8.849  ;        ;        ; 8.849  ;
; SW[1]      ; HEX6[0]     ; 14.462 ; 14.462 ; 14.462 ; 14.462 ;
; SW[1]      ; HEX6[1]     ; 14.623 ; 14.623 ; 14.623 ; 14.623 ;
; SW[1]      ; HEX6[2]     ; 14.498 ; 14.498 ; 14.498 ; 14.498 ;
; SW[1]      ; HEX6[3]     ; 14.499 ; 14.499 ; 14.499 ; 14.499 ;
; SW[1]      ; HEX6[4]     ; 14.801 ; 14.801 ; 14.801 ; 14.801 ;
; SW[1]      ; HEX6[5]     ; 14.502 ; 14.502 ; 14.502 ; 14.502 ;
; SW[1]      ; HEX6[6]     ; 14.554 ; 14.554 ; 14.554 ; 14.554 ;
; SW[1]      ; HEX7[0]     ; 11.594 ; 11.594 ; 11.594 ; 11.594 ;
; SW[1]      ; HEX7[3]     ; 11.102 ; 11.008 ; 11.008 ; 11.102 ;
; SW[1]      ; HEX7[4]     ; 11.107 ; 11.013 ; 11.013 ; 11.107 ;
; SW[1]      ; HEX7[5]     ; 11.102 ; 11.008 ; 11.008 ; 11.102 ;
; SW[1]      ; LEDG        ; 9.670  ;        ;        ; 9.670  ;
; SW[1]      ; LEDR[1]     ; 7.964  ;        ;        ; 7.964  ;
; SW[2]      ; HEX6[0]     ; 14.526 ; 14.526 ; 14.526 ; 14.526 ;
; SW[2]      ; HEX6[1]     ; 14.687 ; 14.687 ; 14.687 ; 14.687 ;
; SW[2]      ; HEX6[2]     ; 14.562 ; 14.562 ; 14.562 ; 14.562 ;
; SW[2]      ; HEX6[3]     ; 14.563 ; 14.563 ; 14.563 ; 14.563 ;
; SW[2]      ; HEX6[4]     ; 14.865 ; 14.865 ; 14.865 ; 14.865 ;
; SW[2]      ; HEX6[5]     ; 14.566 ; 14.566 ; 14.566 ; 14.566 ;
; SW[2]      ; HEX6[6]     ; 14.618 ; 14.618 ; 14.618 ; 14.618 ;
; SW[2]      ; HEX7[0]     ; 11.658 ; 11.658 ; 11.658 ; 11.658 ;
; SW[2]      ; HEX7[3]     ; 11.166 ; 11.072 ; 11.072 ; 11.166 ;
; SW[2]      ; HEX7[4]     ; 11.171 ; 11.077 ; 11.077 ; 11.171 ;
; SW[2]      ; HEX7[5]     ; 11.166 ; 11.072 ; 11.072 ; 11.166 ;
; SW[2]      ; LEDG        ; 10.115 ;        ;        ; 10.115 ;
; SW[2]      ; LEDR[2]     ; 8.949  ;        ;        ; 8.949  ;
; SW[3]      ; HEX6[0]     ; 10.925 ; 10.925 ; 10.925 ; 10.925 ;
; SW[3]      ; HEX6[1]     ; 11.086 ; 11.086 ; 11.086 ; 11.086 ;
; SW[3]      ; HEX6[2]     ; 10.961 ; 10.961 ; 10.961 ; 10.961 ;
; SW[3]      ; HEX6[3]     ; 10.962 ; 10.962 ; 10.962 ; 10.962 ;
; SW[3]      ; HEX6[4]     ; 11.264 ; 11.264 ; 11.264 ; 11.264 ;
; SW[3]      ; HEX6[5]     ; 10.965 ; 10.965 ; 10.965 ; 10.965 ;
; SW[3]      ; HEX6[6]     ; 11.017 ; 11.017 ; 11.017 ; 11.017 ;
; SW[3]      ; HEX7[0]     ; 8.057  ; 8.057  ; 8.057  ; 8.057  ;
; SW[3]      ; HEX7[3]     ; 7.565  ; 7.159  ; 7.159  ; 7.565  ;
; SW[3]      ; HEX7[4]     ; 7.570  ; 7.164  ; 7.164  ; 7.570  ;
; SW[3]      ; HEX7[5]     ; 7.565  ; 7.159  ; 7.159  ; 7.565  ;
; SW[3]      ; LEDG        ; 6.194  ;        ;        ; 6.194  ;
; SW[3]      ; LEDR[3]     ; 5.266  ;        ;        ; 5.266  ;
; SW[4]      ; HEX6[0]     ; 14.685 ; 14.685 ; 14.685 ; 14.685 ;
; SW[4]      ; HEX6[1]     ; 14.846 ; 14.846 ; 14.846 ; 14.846 ;
; SW[4]      ; HEX6[2]     ; 14.721 ; 14.721 ; 14.721 ; 14.721 ;
; SW[4]      ; HEX6[3]     ; 14.722 ; 14.722 ; 14.722 ; 14.722 ;
; SW[4]      ; HEX6[4]     ; 15.024 ; 15.024 ; 15.024 ; 15.024 ;
; SW[4]      ; HEX6[5]     ; 14.725 ; 14.725 ; 14.725 ; 14.725 ;
; SW[4]      ; HEX6[6]     ; 14.777 ; 14.777 ; 14.777 ; 14.777 ;
; SW[4]      ; HEX7[0]     ; 11.817 ; 11.817 ; 11.817 ; 11.817 ;
; SW[4]      ; HEX7[3]     ; 11.325 ; 11.231 ; 11.231 ; 11.325 ;
; SW[4]      ; HEX7[4]     ; 11.330 ; 11.236 ; 11.236 ; 11.330 ;
; SW[4]      ; HEX7[5]     ; 11.325 ; 11.231 ; 11.231 ; 11.325 ;
; SW[4]      ; LEDR[4]     ; 8.851  ;        ;        ; 8.851  ;
; SW[5]      ; HEX6[0]     ; 14.377 ; 14.377 ; 14.377 ; 14.377 ;
; SW[5]      ; HEX6[1]     ; 14.538 ; 14.538 ; 14.538 ; 14.538 ;
; SW[5]      ; HEX6[2]     ; 14.413 ; 14.413 ; 14.413 ; 14.413 ;
; SW[5]      ; HEX6[3]     ; 14.414 ; 14.414 ; 14.414 ; 14.414 ;
; SW[5]      ; HEX6[4]     ; 14.716 ; 14.716 ; 14.716 ; 14.716 ;
; SW[5]      ; HEX6[5]     ; 14.417 ; 14.417 ; 14.417 ; 14.417 ;
; SW[5]      ; HEX6[6]     ; 14.469 ; 14.469 ; 14.469 ; 14.469 ;
; SW[5]      ; HEX7[0]     ; 11.509 ; 11.509 ; 11.509 ; 11.509 ;
; SW[5]      ; HEX7[3]     ; 11.017 ; 10.923 ; 10.923 ; 11.017 ;
; SW[5]      ; HEX7[4]     ; 11.022 ; 10.928 ; 10.928 ; 11.022 ;
; SW[5]      ; HEX7[5]     ; 11.017 ; 10.923 ; 10.923 ; 11.017 ;
; SW[5]      ; LEDG        ; 9.912  ;        ;        ; 9.912  ;
; SW[5]      ; LEDR[5]     ; 8.937  ;        ;        ; 8.937  ;
; SW[6]      ; HEX6[0]     ; 14.350 ; 14.350 ; 14.350 ; 14.350 ;
; SW[6]      ; HEX6[1]     ; 14.511 ; 14.511 ; 14.511 ; 14.511 ;
; SW[6]      ; HEX6[2]     ; 14.386 ; 14.386 ; 14.386 ; 14.386 ;
; SW[6]      ; HEX6[3]     ; 14.387 ; 14.387 ; 14.387 ; 14.387 ;
; SW[6]      ; HEX6[4]     ; 14.689 ; 14.689 ; 14.689 ; 14.689 ;
; SW[6]      ; HEX6[5]     ; 14.390 ; 14.390 ; 14.390 ; 14.390 ;
; SW[6]      ; HEX6[6]     ; 14.442 ; 14.442 ; 14.442 ; 14.442 ;
; SW[6]      ; HEX7[0]     ; 11.482 ; 11.482 ; 11.482 ; 11.482 ;
; SW[6]      ; HEX7[3]     ; 10.990 ; 10.896 ; 10.896 ; 10.990 ;
; SW[6]      ; HEX7[4]     ; 10.995 ; 10.901 ; 10.901 ; 10.995 ;
; SW[6]      ; HEX7[5]     ; 10.990 ; 10.896 ; 10.896 ; 10.990 ;
; SW[6]      ; LEDG        ; 9.768  ;        ;        ; 9.768  ;
; SW[6]      ; LEDR[6]     ; 8.893  ;        ;        ; 8.893  ;
; SW[7]      ; HEX6[0]     ; 11.291 ; 11.291 ; 11.291 ; 11.291 ;
; SW[7]      ; HEX6[1]     ; 11.452 ; 11.452 ; 11.452 ; 11.452 ;
; SW[7]      ; HEX6[2]     ; 11.327 ; 11.327 ; 11.327 ; 11.327 ;
; SW[7]      ; HEX6[3]     ; 11.328 ; 11.328 ; 11.328 ; 11.328 ;
; SW[7]      ; HEX6[4]     ; 11.630 ; 11.630 ; 11.630 ; 11.630 ;
; SW[7]      ; HEX6[5]     ; 11.331 ; 11.331 ; 11.331 ; 11.331 ;
; SW[7]      ; HEX6[6]     ; 11.383 ; 11.383 ; 11.383 ; 11.383 ;
; SW[7]      ; HEX7[0]     ; 8.423  ; 8.423  ; 8.423  ; 8.423  ;
; SW[7]      ; HEX7[3]     ; 7.931  ; 7.522  ; 7.522  ; 7.931  ;
; SW[7]      ; HEX7[4]     ; 7.936  ; 7.527  ; 7.527  ; 7.936  ;
; SW[7]      ; HEX7[5]     ; 7.931  ; 7.522  ; 7.522  ; 7.931  ;
; SW[7]      ; LEDG        ; 6.153  ;        ;        ; 6.153  ;
; SW[7]      ; LEDR[7]     ; 5.487  ;        ;        ; 5.487  ;
; SW[8]      ; HEX6[0]     ; 14.702 ; 14.702 ; 14.702 ; 14.702 ;
; SW[8]      ; HEX6[1]     ; 14.863 ; 14.863 ; 14.863 ; 14.863 ;
; SW[8]      ; HEX6[2]     ; 14.738 ; 14.738 ; 14.738 ; 14.738 ;
; SW[8]      ; HEX6[3]     ; 14.739 ; 14.739 ; 14.739 ; 14.739 ;
; SW[8]      ; HEX6[4]     ; 15.041 ; 15.041 ; 15.041 ; 15.041 ;
; SW[8]      ; HEX6[5]     ; 14.742 ; 14.742 ; 14.742 ; 14.742 ;
; SW[8]      ; HEX6[6]     ; 14.794 ; 14.794 ; 14.794 ; 14.794 ;
; SW[8]      ; HEX7[0]     ; 11.834 ; 11.834 ; 11.834 ; 11.834 ;
; SW[8]      ; HEX7[3]     ; 11.342 ; 11.248 ; 11.248 ; 11.342 ;
; SW[8]      ; HEX7[4]     ; 11.347 ; 11.253 ; 11.253 ; 11.347 ;
; SW[8]      ; HEX7[5]     ; 11.342 ; 11.248 ; 11.248 ; 11.342 ;
; SW[8]      ; LEDR[8]     ; 8.826  ;        ;        ; 8.826  ;
+------------+-------------+--------+--------+--------+--------+


+----------------------------------------------------------+
; Minimum Progagation Delay                                ;
+------------+-------------+-------+-------+-------+-------+
; Input Port ; Output Port ; RR    ; RF    ; FR    ; FF    ;
+------------+-------------+-------+-------+-------+-------+
; SW[0]      ; HEX6[0]     ; 6.085 ; 6.085 ; 6.085 ; 6.085 ;
; SW[0]      ; HEX6[1]     ; 6.132 ; 6.132 ; 6.132 ; 6.132 ;
; SW[0]      ; HEX6[2]     ; 6.097 ; 6.097 ; 6.097 ; 6.097 ;
; SW[0]      ; HEX6[3]     ; 6.095 ; 6.095 ; 6.095 ; 6.095 ;
; SW[0]      ; HEX6[4]     ; 6.249 ; 6.249 ; 6.249 ; 6.249 ;
; SW[0]      ; HEX6[5]     ; 6.115 ; 6.115 ; 6.115 ; 6.115 ;
; SW[0]      ; HEX6[6]     ; 6.163 ; 6.163 ; 6.163 ; 6.163 ;
; SW[0]      ; HEX7[0]     ; 6.052 ; 6.052 ; 6.052 ; 6.052 ;
; SW[0]      ; HEX7[3]     ; 5.972 ; 5.972 ; 5.972 ; 5.972 ;
; SW[0]      ; HEX7[4]     ; 5.977 ; 5.977 ; 5.977 ; 5.977 ;
; SW[0]      ; HEX7[5]     ; 5.972 ; 5.972 ; 5.972 ; 5.972 ;
; SW[0]      ; LEDR[0]     ; 5.046 ;       ;       ; 5.046 ;
; SW[1]      ; HEX6[0]     ; 6.585 ; 6.585 ; 6.585 ; 6.585 ;
; SW[1]      ; HEX6[1]     ; 6.642 ; 6.642 ; 6.642 ; 6.642 ;
; SW[1]      ; HEX6[2]     ; 6.602 ; 6.602 ; 6.602 ; 6.602 ;
; SW[1]      ; HEX6[3]     ; 6.602 ; 6.602 ; 6.602 ; 6.602 ;
; SW[1]      ; HEX6[4]     ; 6.745 ; 6.745 ; 6.745 ; 6.745 ;
; SW[1]      ; HEX6[5]     ; 6.605 ; 6.605 ; 6.605 ; 6.605 ;
; SW[1]      ; HEX6[6]     ; 6.656 ; 6.656 ; 6.656 ; 6.656 ;
; SW[1]      ; HEX7[0]     ; 5.917 ; 5.917 ; 5.917 ; 5.917 ;
; SW[1]      ; HEX7[3]     ; 5.838 ; 5.838 ; 5.838 ; 5.838 ;
; SW[1]      ; HEX7[4]     ; 5.843 ; 5.843 ; 5.843 ; 5.843 ;
; SW[1]      ; HEX7[5]     ; 5.838 ; 5.838 ; 5.838 ; 5.838 ;
; SW[1]      ; LEDG        ; 5.394 ;       ;       ; 5.394 ;
; SW[1]      ; LEDR[1]     ; 4.609 ;       ;       ; 4.609 ;
; SW[2]      ; HEX6[0]     ; 6.603 ; 6.603 ; 6.603 ; 6.603 ;
; SW[2]      ; HEX6[1]     ; 6.661 ; 6.661 ; 6.661 ; 6.661 ;
; SW[2]      ; HEX6[2]     ; 6.622 ; 6.622 ; 6.622 ; 6.622 ;
; SW[2]      ; HEX6[3]     ; 6.622 ; 6.622 ; 6.622 ; 6.622 ;
; SW[2]      ; HEX6[4]     ; 6.763 ; 6.763 ; 6.763 ; 6.763 ;
; SW[2]      ; HEX6[5]     ; 6.624 ; 6.624 ; 6.624 ; 6.624 ;
; SW[2]      ; HEX6[6]     ; 6.675 ; 6.675 ; 6.675 ; 6.675 ;
; SW[2]      ; HEX7[0]     ; 5.905 ; 5.905 ; 5.905 ; 5.905 ;
; SW[2]      ; HEX7[3]     ; 5.825 ; 5.825 ; 5.825 ; 5.825 ;
; SW[2]      ; HEX7[4]     ; 5.830 ; 5.830 ; 5.830 ; 5.830 ;
; SW[2]      ; HEX7[5]     ; 5.825 ; 5.825 ; 5.825 ; 5.825 ;
; SW[2]      ; LEDG        ; 5.585 ;       ;       ; 5.585 ;
; SW[2]      ; LEDR[2]     ; 5.120 ;       ;       ; 5.120 ;
; SW[3]      ; HEX6[0]     ; 4.412 ; 4.412 ; 4.412 ; 4.412 ;
; SW[3]      ; HEX6[1]     ; 4.470 ; 4.470 ; 4.470 ; 4.470 ;
; SW[3]      ; HEX6[2]     ; 4.431 ; 4.431 ; 4.431 ; 4.431 ;
; SW[3]      ; HEX6[3]     ; 4.431 ; 4.431 ; 4.431 ; 4.431 ;
; SW[3]      ; HEX6[4]     ; 4.572 ; 4.572 ; 4.572 ; 4.572 ;
; SW[3]      ; HEX6[5]     ; 4.433 ; 4.433 ; 4.433 ; 4.433 ;
; SW[3]      ; HEX6[6]     ; 4.484 ; 4.484 ; 4.484 ; 4.484 ;
; SW[3]      ; HEX7[0]     ; 3.719 ; 3.719 ; 3.719 ; 3.719 ;
; SW[3]      ; HEX7[3]     ; 3.639 ; 3.639 ; 3.639 ; 3.639 ;
; SW[3]      ; HEX7[4]     ; 3.644 ; 3.644 ; 3.644 ; 3.644 ;
; SW[3]      ; HEX7[5]     ; 3.639 ; 3.639 ; 3.639 ; 3.639 ;
; SW[3]      ; LEDG        ; 3.224 ;       ;       ; 3.224 ;
; SW[3]      ; LEDR[3]     ; 2.801 ;       ;       ; 2.801 ;
; SW[4]      ; HEX6[0]     ; 6.109 ; 6.109 ; 6.109 ; 6.109 ;
; SW[4]      ; HEX6[1]     ; 6.156 ; 6.156 ; 6.156 ; 6.156 ;
; SW[4]      ; HEX6[2]     ; 6.121 ; 6.121 ; 6.121 ; 6.121 ;
; SW[4]      ; HEX6[3]     ; 6.119 ; 6.119 ; 6.119 ; 6.119 ;
; SW[4]      ; HEX6[4]     ; 6.273 ; 6.273 ; 6.273 ; 6.273 ;
; SW[4]      ; HEX6[5]     ; 6.139 ; 6.139 ; 6.139 ; 6.139 ;
; SW[4]      ; HEX6[6]     ; 6.187 ; 6.187 ; 6.187 ; 6.187 ;
; SW[4]      ; HEX7[0]     ; 6.078 ; 6.078 ; 6.078 ; 6.078 ;
; SW[4]      ; HEX7[3]     ; 5.998 ; 5.998 ; 5.998 ; 5.998 ;
; SW[4]      ; HEX7[4]     ; 6.003 ; 6.003 ; 6.003 ; 6.003 ;
; SW[4]      ; HEX7[5]     ; 5.998 ; 5.998 ; 5.998 ; 5.998 ;
; SW[4]      ; LEDR[4]     ; 5.047 ;       ;       ; 5.047 ;
; SW[5]      ; HEX6[0]     ; 6.543 ; 6.543 ; 6.543 ; 6.543 ;
; SW[5]      ; HEX6[1]     ; 6.600 ; 6.600 ; 6.600 ; 6.600 ;
; SW[5]      ; HEX6[2]     ; 6.560 ; 6.560 ; 6.560 ; 6.560 ;
; SW[5]      ; HEX6[3]     ; 6.560 ; 6.560 ; 6.560 ; 6.560 ;
; SW[5]      ; HEX6[4]     ; 6.703 ; 6.703 ; 6.703 ; 6.703 ;
; SW[5]      ; HEX6[5]     ; 6.563 ; 6.563 ; 6.563 ; 6.563 ;
; SW[5]      ; HEX6[6]     ; 6.614 ; 6.614 ; 6.614 ; 6.614 ;
; SW[5]      ; HEX7[0]     ; 5.875 ; 5.875 ; 5.875 ; 5.875 ;
; SW[5]      ; HEX7[3]     ; 5.796 ; 5.796 ; 5.796 ; 5.796 ;
; SW[5]      ; HEX7[4]     ; 5.801 ; 5.801 ; 5.801 ; 5.801 ;
; SW[5]      ; HEX7[5]     ; 5.796 ; 5.796 ; 5.796 ; 5.796 ;
; SW[5]      ; LEDG        ; 5.484 ;       ;       ; 5.484 ;
; SW[5]      ; LEDR[5]     ; 5.103 ;       ;       ; 5.103 ;
; SW[6]      ; HEX6[0]     ; 6.517 ; 6.517 ; 6.517 ; 6.517 ;
; SW[6]      ; HEX6[1]     ; 6.575 ; 6.575 ; 6.575 ; 6.575 ;
; SW[6]      ; HEX6[2]     ; 6.536 ; 6.536 ; 6.536 ; 6.536 ;
; SW[6]      ; HEX6[3]     ; 6.536 ; 6.536 ; 6.536 ; 6.536 ;
; SW[6]      ; HEX6[4]     ; 6.677 ; 6.677 ; 6.677 ; 6.677 ;
; SW[6]      ; HEX6[5]     ; 6.538 ; 6.538 ; 6.538 ; 6.538 ;
; SW[6]      ; HEX6[6]     ; 6.589 ; 6.589 ; 6.589 ; 6.589 ;
; SW[6]      ; HEX7[0]     ; 5.819 ; 5.819 ; 5.819 ; 5.819 ;
; SW[6]      ; HEX7[3]     ; 5.739 ; 5.739 ; 5.739 ; 5.739 ;
; SW[6]      ; HEX7[4]     ; 5.744 ; 5.744 ; 5.744 ; 5.744 ;
; SW[6]      ; HEX7[5]     ; 5.739 ; 5.739 ; 5.739 ; 5.739 ;
; SW[6]      ; LEDG        ; 5.423 ;       ;       ; 5.423 ;
; SW[6]      ; LEDR[6]     ; 5.077 ;       ;       ; 5.077 ;
; SW[7]      ; HEX6[0]     ; 4.592 ; 4.592 ; 4.592 ; 4.592 ;
; SW[7]      ; HEX6[1]     ; 4.650 ; 4.650 ; 4.650 ; 4.650 ;
; SW[7]      ; HEX6[2]     ; 4.611 ; 4.611 ; 4.611 ; 4.611 ;
; SW[7]      ; HEX6[3]     ; 4.611 ; 4.611 ; 4.611 ; 4.611 ;
; SW[7]      ; HEX6[4]     ; 4.752 ; 4.752 ; 4.752 ; 4.752 ;
; SW[7]      ; HEX6[5]     ; 4.613 ; 4.613 ; 4.613 ; 4.613 ;
; SW[7]      ; HEX6[6]     ; 4.664 ; 4.664 ; 4.664 ; 4.664 ;
; SW[7]      ; HEX7[0]     ; 3.899 ; 3.899 ; 3.899 ; 3.899 ;
; SW[7]      ; HEX7[3]     ; 3.819 ; 3.819 ; 3.819 ; 3.819 ;
; SW[7]      ; HEX7[4]     ; 3.824 ; 3.824 ; 3.824 ; 3.824 ;
; SW[7]      ; HEX7[5]     ; 3.819 ; 3.819 ; 3.819 ; 3.819 ;
; SW[7]      ; LEDG        ; 3.223 ;       ;       ; 3.223 ;
; SW[7]      ; LEDR[7]     ; 2.956 ;       ;       ; 2.956 ;
; SW[8]      ; HEX6[0]     ; 6.223 ; 6.223 ; 6.223 ; 6.223 ;
; SW[8]      ; HEX6[1]     ; 6.270 ; 6.270 ; 6.270 ; 6.270 ;
; SW[8]      ; HEX6[2]     ; 6.235 ; 6.235 ; 6.235 ; 6.235 ;
; SW[8]      ; HEX6[3]     ; 6.233 ; 6.233 ; 6.233 ; 6.233 ;
; SW[8]      ; HEX6[4]     ; 6.387 ; 6.387 ; 6.387 ; 6.387 ;
; SW[8]      ; HEX6[5]     ; 6.253 ; 6.253 ; 6.253 ; 6.253 ;
; SW[8]      ; HEX6[6]     ; 6.301 ; 6.301 ; 6.301 ; 6.301 ;
; SW[8]      ; HEX7[0]     ; 6.087 ; 6.087 ; 6.087 ; 6.087 ;
; SW[8]      ; HEX7[3]     ; 6.007 ; 6.007 ; 6.007 ; 6.007 ;
; SW[8]      ; HEX7[4]     ; 6.012 ; 6.012 ; 6.012 ; 6.012 ;
; SW[8]      ; HEX7[5]     ; 6.007 ; 6.007 ; 6.007 ; 6.007 ;
; SW[8]      ; LEDR[8]     ; 5.026 ;       ;       ; 5.026 ;
+------------+-------------+-------+-------+-------+-------+


-------------------
; Clock Transfers ;
-------------------
Nothing to report.


---------------
; Report TCCS ;
---------------
No dedicated SERDES Transmitter circuitry present in device or used in design


---------------
; Report RSKM ;
---------------
No dedicated SERDES Receiver circuitry present in device or used in design


+------------------------------------------------+
; Unconstrained Paths                            ;
+---------------------------------+-------+------+
; Property                        ; Setup ; Hold ;
+---------------------------------+-------+------+
; Illegal Clocks                  ; 0     ; 0    ;
; Unconstrained Clocks            ; 0     ; 0    ;
; Unconstrained Input Ports       ; 9     ; 9    ;
; Unconstrained Input Port Paths  ; 114   ; 114  ;
; Unconstrained Output Ports      ; 21    ; 21   ;
; Unconstrained Output Port Paths ; 114   ; 114  ;
+---------------------------------+-------+------+


+------------------------------------+
; TimeQuest Timing Analyzer Messages ;
+------------------------------------+
Info: *******************************************************************
Info: Running Quartus II 64-Bit TimeQuest Timing Analyzer
    Info: Version 13.0.1 Build 232 06/12/2013 Service Pack 1 SJ Web Edition
    Info: Processing started: Sat Nov 16 07:03:34 2024
Info: Command: quartus_sta par4_2 -c par4_2
Info: qsta_default_script.tcl version: #1
Warning (20028): Parallel compilation is not licensed and has been disabled
Info (21077): Low junction temperature is 0 degrees C
Info (21077): High junction temperature is 85 degrees C
Critical Warning (332012): Synopsys Design Constraints File file not found: 'par4_2.sdc'. A Synopsys Design Constraints File is required by the TimeQuest Timing Analyzer to get proper timing constraints. Without it, the Compiler will not properly optimize the design.
Info (332142): No user constrained base clocks found in the design. Calling "derive_clocks -period 1.0"
Info (332096): The command derive_clocks did not find any clocks to derive.  No clocks were created or changed.
Warning (332068): No clocks defined in design.
Info: Found TIMEQUEST_REPORT_SCRIPT_INCLUDE_DEFAULT_ANALYSIS = ON
Info (332159): No clocks to report
Info: Analyzing Slow Model
Info (332140): No fmax paths to report
Info (332140): No Setup paths to report
Info (332140): No Hold paths to report
Info (332140): No Recovery paths to report
Info (332140): No Removal paths to report
Info (332140): No Minimum Pulse Width paths to report
Info (332001): The selected device family is not supported by the report_metastability command.
Info: Analyzing Fast Model
Info (332142): No user constrained base clocks found in the design. Calling "derive_clocks -period 1.0"
Info (332096): The command derive_clocks did not find any clocks to derive.  No clocks were created or changed.
Warning (332068): No clocks defined in design.
Info (332140): No Setup paths to report
Info (332140): No Hold paths to report
Info (332140): No Recovery paths to report
Info (332140): No Removal paths to report
Info (332140): No Minimum Pulse Width paths to report
Info (332001): The selected device family is not supported by the report_metastability command.
Info (332102): Design is not fully constrained for setup requirements
Info (332102): Design is not fully constrained for hold requirements
Info: Quartus II 64-Bit TimeQuest Timing Analyzer was successful. 0 errors, 4 warnings
    Info: Peak virtual memory: 4535 megabytes
    Info: Processing ended: Sat Nov 16 07:03:36 2024
    Info: Elapsed time: 00:00:02
    Info: Total CPU time (on all processors): 00:00:02


